Log file open, 03/29/22 17:51:08
LogWindows: Failed to load 'aqProf.dll' (GetLastError=126)
LogWindows: File 'aqProf.dll' does not exist
LogWindows: Failed to load 'VtuneApi.dll' (GetLastError=126)
LogWindows: File 'VtuneApi.dll' does not exist
LogWindows: Failed to load 'VtuneApi32e.dll' (GetLastError=126)
LogWindows: File 'VtuneApi32e.dll' does not exist
LogConsoleResponse: Display: Failed to find resolution value strings in scalability ini. Falling back to default.
LogConsoleResponse: Display: Failed to find resolution value strings in scalability ini. Falling back to default.
LogInit: Display: Running engine for game: Niagara
LogPlatformFile: Not using cached read wrapper
LogTaskGraph: Started task graph with 5 named threads and 35 total threads with 3 sets of task threads.
LogStats: Stats thread started at 0.197895
LogICUInternationalization: ICU TimeZone Detection - Raw Offset: -5:00, Platform Override: ''
LogInit: Display: Loading text-based GConfig....
LogPluginManager: Mounting plugin MeshPainting
LogPluginManager: Mounting plugin XGEController
LogPluginManager: Mounting plugin Paper2D
LogPluginManager: Mounting plugin LiveLink
LogPluginManager: Mounting plugin LightPropagationVolume
LogPluginManager: Mounting plugin EnvironmentQueryEditor
LogPluginManager: Mounting plugin AISupport
LogPluginManager: Mounting plugin CameraShakePreviewer
LogPluginManager: Mounting plugin GameplayCameras
LogPluginManager: Mounting plugin OodleData
LogPluginManager: Mounting plugin AssetManagerEditor
LogPluginManager: Mounting plugin DataValidation
LogPluginManager: Mounting plugin CryptoKeys
LogPluginManager: Mounting plugin CurveEditorTools
LogPluginManager: Mounting plugin FacialAnimation
LogPluginManager: Mounting plugin GeometryMode
LogPluginManager: Mounting plugin GameplayTagsEditor
LogPluginManager: Mounting plugin MaterialAnalyzer
LogPluginManager: Mounting plugin MacGraphicsSwitching
LogPluginManager: Mounting plugin PluginBrowser
LogPluginManager: Mounting plugin MobileLauncherProfileWizard
LogPluginManager: Mounting plugin SpeedTreeImporter
LogPluginManager: Mounting plugin AnimationSharing
LogPluginManager: Mounting plugin CLionSourceCodeAccess
LogPluginManager: Mounting plugin CodeLiteSourceCodeAccess
LogPluginManager: Mounting plugin GitSourceControl
LogPluginManager: Mounting plugin KDevelopSourceCodeAccess
LogPluginManager: Mounting plugin NullSourceCodeAccess
LogPluginManager: Mounting plugin PerforceSourceControl
LogPluginManager: Mounting plugin PixWinPlugin
LogPluginManager: Mounting plugin PlasticSourceControl
LogPluginManager: Mounting plugin PluginUtils
LogPluginManager: Mounting plugin PropertyAccessNode
LogPluginManager: Mounting plugin SubversionSourceControl
LogPluginManager: Mounting plugin RiderSourceCodeAccess
LogPluginManager: Mounting plugin TextureFormatOodle
LogPluginManager: Mounting plugin UObjectPlugin
LogPluginManager: Mounting plugin VisualStudioCodeSourceCodeAccess
LogPluginManager: Mounting plugin XCodeSourceCodeAccess
LogPluginManager: Mounting plugin VisualStudioSourceCodeAccess
LogPluginManager: Mounting plugin Niagara
LogPluginManager: Mounting plugin DatasmithContent
LogPluginManager: Mounting plugin VariantManagerContent
LogPluginManager: Mounting plugin LuminPlatformFeatures
LogPluginManager: Mounting plugin MagicLeap
LogPluginManager: Mounting plugin MagicLeapMedia
LogPluginManager: Mounting plugin MagicLeapLightEstimation
LogPluginManager: Mounting plugin MagicLeapPassableWorld
LogPluginManager: Mounting plugin MLSDK
LogPluginManager: Mounting plugin AndroidMedia
LogPluginManager: Mounting plugin AvfMedia
LogPluginManager: Mounting plugin ImgMedia
LogPluginManager: Mounting plugin MediaCompositing
LogPluginManager: Mounting plugin MediaPlayerEditor
LogPluginManager: Mounting plugin WebMMedia
LogPluginManager: Mounting plugin WmfMedia
LogPluginManager: Mounting plugin AlembicImporter
LogPluginManager: Mounting plugin AutomationUtils
LogPluginManager: Mounting plugin BackChannel
LogPluginManager: Mounting plugin ChaosCloth
LogPluginManager: Mounting plugin ChaosClothEditor
LogPluginManager: Mounting plugin ChaosEditor
LogPluginManager: Mounting plugin ChaosNiagara
LogPluginManager: Mounting plugin ChaosSolverPlugin
LogPluginManager: Mounting plugin CharacterAI
LogPluginManager: Mounting plugin GeometryCache
LogPluginManager: Mounting plugin GeometryCollectionPlugin
LogPluginManager: Mounting plugin TcpMessaging
LogPluginManager: Mounting plugin UdpMessaging
LogPluginManager: Mounting plugin GeometryProcessing
LogPluginManager: Mounting plugin MotoSynth
LogPluginManager: Mounting plugin OpenImageDenoise
LogPluginManager: Mounting plugin PlanarCut
LogPluginManager: Mounting plugin PlatformCrypto
LogPluginManager: Mounting plugin ProxyLODPlugin
LogPluginManager: Mounting plugin PythonScriptPlugin
LogPluginManager: Mounting plugin SkeletalReduction
LogPluginManager: Mounting plugin OnlineSubsystem
LogPluginManager: Mounting plugin OnlineSubsystemNull
LogPluginManager: Mounting plugin OnlineSubsystemUtils
LogPluginManager: Mounting plugin ActorSequence
LogPluginManager: Mounting plugin LevelSequenceEditor
LogPluginManager: Mounting plugin MatineeToLevelSequence
LogPluginManager: Mounting plugin LauncherChunkInstaller
LogPluginManager: Mounting plugin TemplateSequence
LogPluginManager: Mounting plugin ActorLayerUtilities
LogPluginManager: Mounting plugin AndroidMoviePlayer
LogPluginManager: Mounting plugin AndroidDeviceProfileSelector
LogPluginManager: Mounting plugin AndroidPermission
LogPluginManager: Mounting plugin AppleImageUtils
LogPluginManager: Mounting plugin AppleMoviePlayer
LogPluginManager: Mounting plugin AssetTags
LogPluginManager: Mounting plugin ArchVisCharacter
LogPluginManager: Mounting plugin AudioCapture
LogPluginManager: Mounting plugin AudioSynesthesia
LogPluginManager: Mounting plugin CustomMeshComponent
LogPluginManager: Mounting plugin ChunkDownloader
LogPluginManager: Mounting plugin CableComponent
LogPluginManager: Mounting plugin ExampleDeviceProfileSelector
LogPluginManager: Mounting plugin EditableMesh
LogPluginManager: Mounting plugin GoogleCloudMessaging
LogPluginManager: Mounting plugin GooglePAD
LogPluginManager: Mounting plugin ScreenshotTools
LogPluginManager: Mounting plugin IOSDeviceProfileSelector
LogPluginManager: Mounting plugin LinuxDeviceProfileSelector
LogPluginManager: Mounting plugin LocationServicesBPLibrary
LogPluginManager: Mounting plugin MobilePatchingUtils
LogPluginManager: Mounting plugin Takes
LogPluginManager: Mounting plugin OpenXREyeTracker
LogPluginManager: Mounting plugin OpenXR
LogPluginManager: Mounting plugin OpenXRHandTracking
LogPluginManager: Mounting plugin PostSplashScreen
LogPluginManager: Mounting plugin PhysXVehicles
LogPluginManager: Mounting plugin ProceduralMeshComponent
LogPluginManager: Mounting plugin RuntimePhysXCooking
LogPluginManager: Mounting plugin SignificanceManager
LogPluginManager: Mounting plugin PropertyAccessEditor
LogPluginManager: Mounting plugin SoundFields
LogPluginManager: Mounting plugin Synthesis
LogPluginManager: Mounting plugin WebMMoviePlayer
LogPluginManager: Mounting plugin WindowsMoviePlayer
LogPluginManager: Mounting plugin OodleNetwork
LogPluginManager: Mounting plugin ContentBrowserAssetDataSource
LogPluginManager: Mounting plugin ContentBrowserFileDataSource
LogPluginManager: Mounting plugin ContentBrowserClassDataSource
LogPluginManager: Mounting plugin OnlineSubsystemIOS
LogPluginManager: Mounting plugin OnlineSubsystemGooglePlay
LogPluginManager: Mounting plugin OculusVR
LogPluginManager: Mounting plugin SteamVR
PixWinPlugin: PIX capture plugin failed to initialize! Check that the process is launched from PIX.
LogLuminAPIImpl: Warning: MLSDK not found.  This likely means the MLSDK environment variable is not set.
LogInit: Using libcurl 7.55.1-DEV
LogInit:  - built for x86_64-pc-win32
LogInit:  - supports SSL with OpenSSL/1.1.1
LogInit:  - supports HTTP deflate (compression) using libz 1.2.8
LogInit:  - other features:
LogInit:      CURL_VERSION_SSL
LogInit:      CURL_VERSION_LIBZ
LogInit:      CURL_VERSION_IPV6
LogInit:      CURL_VERSION_ASYNCHDNS
LogInit:      CURL_VERSION_LARGEFILE
LogInit:      CURL_VERSION_IDN
LogInit:  CurlRequestOptions (configurable via config and command line):
LogInit:  - bVerifyPeer = true  - Libcurl will verify peer certificate
LogInit:  - bUseHttpProxy = false  - Libcurl will NOT use HTTP proxy
LogInit:  - bDontReuseConnections = false  - Libcurl will reuse connections
LogInit:  - MaxHostConnections = 16  - Libcurl will limit the number of connections to a host
LogInit:  - LocalHostAddr = Default
LogInit:  - BufferSize = 65536
LogOnline: OSS: Creating online subsystem instance for: NULL
LogInit: WinSock: version 1.1 (2.2), MaxSocks=32767, MaxUdp=65467
LogOnline: OSS: TryLoadSubsystemAndSetDefault: Loaded subsystem for module [NULL]
LogOculusPluginWrapper: OculusPlugin initialized successfully
LogHMD: Failed initializing OVRPlugin 1.59.0
LogInit: Build: ++UE4+Release-4.27-CL-18319896
LogInit: Engine Version: 4.27.2-18319896+++UE4+Release-4.27
LogInit: Compatible Engine Version: 4.27.0-17155196+++UE4+Release-4.27
LogInit: Net CL: 17155196
LogInit: OS: Windows 10 (Release 2004) (), CPU: AMD Ryzen 5 3600 6-Core Processor              , GPU: NVIDIA GeForce GTX 1660
LogInit: Compiled (64-bit): Nov 30 2021 07:12:08
LogInit: Compiled with Visual C++: 19.24.28315.00
LogInit: Build Configuration: Development
LogInit: Branch Name: ++UE4+Release-4.27
LogInit: Command Line:  -EpicPortal -epicusername="Sir Kashian" -epicuserid=d68150f3fb6c42979a44112af02b1dfb -epiclocale=en -epicsandboxid=ue
LogInit: Base Directory: C:/Program Files/Epic Games/UE_4.27/Engine/Binaries/Win64/
LogInit: Allocator: TBB
LogInit: Installed Engine Build: 1
LogDevObjectVersion: Number of dev versions registered: 29
LogDevObjectVersion:   Dev-Blueprints (B0D832E4-1F89-4F0D-ACCF-7EB736FD4AA2): 10
LogDevObjectVersion:   Dev-Build (E1C64328-A22C-4D53-A36C-8E866417BD8C): 0
LogDevObjectVersion:   Dev-Core (375EC13C-06E4-48FB-B500-84F0262A717E): 4
LogDevObjectVersion:   Dev-Editor (E4B068ED-F494-42E9-A231-DA0B2E46BB41): 40
LogDevObjectVersion:   Dev-Framework (CFFC743F-43B0-4480-9391-14DF171D2073): 37
LogDevObjectVersion:   Dev-Mobile (B02B49B5-BB20-44E9-A304-32B752E40360): 3
LogDevObjectVersion:   Dev-Networking (A4E4105C-59A1-49B5-A7C5-40C4547EDFEE): 0
LogDevObjectVersion:   Dev-Online (39C831C9-5AE6-47DC-9A44-9C173E1C8E7C): 0
LogDevObjectVersion:   Dev-Physics (78F01B33-EBEA-4F98-B9B4-84EACCB95AA2): 14
LogDevObjectVersion:   Dev-Platform (6631380F-2D4D-43E0-8009-CF276956A95A): 0
LogDevObjectVersion:   Dev-Rendering (12F88B9F-8875-4AFC-A67C-D90C383ABD29): 45
LogDevObjectVersion:   Dev-Sequencer (7B5AE74C-D270-4C10-A958-57980B212A5A): 13
LogDevObjectVersion:   Dev-VR (D7296918-1DD6-4BDD-9DE2-64A83CC13884): 3
LogDevObjectVersion:   Dev-LoadTimes (C2A15278-BFE7-4AFE-6C17-90FF531DF755): 1
LogDevObjectVersion:   Private-Geometry (6EACA3D4-40EC-4CC1-B786-8BED09428FC5): 3
LogDevObjectVersion:   Dev-AnimPhys (29E575DD-E0A3-4627-9D10-D276232CDCEA): 17
LogDevObjectVersion:   Dev-Anim (AF43A65D-7FD3-4947-9873-3E8ED9C1BB05): 15
LogDevObjectVersion:   Dev-ReflectionCapture (6B266CEC-1EC7-4B8F-A30B-E4D90942FC07): 1
LogDevObjectVersion:   Dev-Automation (0DF73D61-A23F-47EA-B727-89E90C41499A): 1
LogDevObjectVersion:   FortniteMain (601D1886-AC64-4F84-AA16-D3DE0DEAC7D6): 47
LogDevObjectVersion:   FortniteRelease (E7086368-6B23-4C58-8439-1B7016265E91): 1
LogDevObjectVersion:   Dev-Enterprise (9DFFBCD6-494F-0158-E221-12823C92A888): 10
LogDevObjectVersion:   Dev-Niagara (F2AED0AC-9AFE-416F-8664-AA7FFA26D6FC): 1
LogDevObjectVersion:   Dev-Destruction (174F1F0B-B4C6-45A5-B13F-2EE8D0FB917D): 10
LogDevObjectVersion:   Dev-Physics-Ext (35F94A83-E258-406C-A318-09F59610247C): 41
LogDevObjectVersion:   Dev-PhysicsMaterial-Chaos (B68FC16E-8B1B-42E2-B453-215C058844FE): 1
LogDevObjectVersion:   Dev-CineCamera (B2E18506-4273-CFC2-A54E-F4BB758BBA07): 1
LogDevObjectVersion:   Dev-VirtualProduction (64F58936-FD1B-42BA-BA96-7289D5D0FA4E): 1
LogDevObjectVersion:   Dev-MediaFramework (6F0ED827-A609-4895-9C91-998D90180EA4): 2
LogInit: Presizing for max 25165824 objects, including 0 objects not considered by GC, pre-allocating 0 bytes for permanent pool.
LogConfig: Applying CVar settings from Section [/Script/Engine.StreamingSettings] File [E:/Repositories/gpr300/Project4/Niagara/Saved/Config/Windows/Engine.ini]
LogConfig: Setting CVar [[s.MinBulkDataSizeForAsyncLoading:131072]]
LogConfig: Setting CVar [[s.AsyncLoadingThreadEnabled:0]]
LogConfig: Setting CVar [[s.EventDrivenLoaderEnabled:1]]
LogConfig: Setting CVar [[s.WarnIfTimeLimitExceeded:0]]
LogConfig: Setting CVar [[s.TimeLimitExceededMultiplier:1.5]]
LogConfig: Setting CVar [[s.TimeLimitExceededMinTime:0.005]]
LogConfig: Setting CVar [[s.UseBackgroundLevelStreaming:1]]
LogConfig: Setting CVar [[s.PriorityAsyncLoadingExtraTime:15.0]]
LogConfig: Setting CVar [[s.LevelStreamingActorsUpdateTimeLimit:5.0]]
LogConfig: Setting CVar [[s.PriorityLevelStreamingActorsUpdateExtraTime:5.0]]
LogConfig: Setting CVar [[s.LevelStreamingComponentsRegistrationGranularity:10]]
LogConfig: Setting CVar [[s.UnregisterComponentsTimeLimit:1.0]]
LogConfig: Setting CVar [[s.LevelStreamingComponentsUnregistrationGranularity:5]]
LogConfig: Setting CVar [[s.FlushStreamingOnExit:1]]
LogInit: Object subsystem initialized
LogConfig: Setting CVar [[con.DebugEarlyDefault:1]]
LogConfig: Setting CVar [[r.setres:1280x720]]
[2022.03.29-21.51.09:159][  0]LogConfig: Setting CVar [[r.VSync:0]]
[2022.03.29-21.51.09:159][  0]LogConfig: Setting CVar [[r.RHICmdBypass:0]]
[2022.03.29-21.51.09:159][  0]LogConfig: Applying CVar settings from Section [/Script/Engine.RendererSettings] File [E:/Repositories/gpr300/Project4/Niagara/Saved/Config/Windows/Engine.ini]
[2022.03.29-21.51.09:159][  0]LogConfig: Setting CVar [[r.GPUCrashDebugging:0]]
[2022.03.29-21.51.09:159][  0]LogConfig: Applying CVar settings from Section [/Script/Engine.RendererOverrideSettings] File [E:/Repositories/gpr300/Project4/Niagara/Saved/Config/Windows/Engine.ini]
[2022.03.29-21.51.09:159][  0]LogConfig: Applying CVar settings from Section [/Script/Engine.StreamingSettings] File [E:/Repositories/gpr300/Project4/Niagara/Saved/Config/Windows/Engine.ini]
[2022.03.29-21.51.09:159][  0]LogConfig: Setting CVar [[s.MinBulkDataSizeForAsyncLoading:131072]]
[2022.03.29-21.51.09:159][  0]LogConfig: Setting CVar [[s.AsyncLoadingThreadEnabled:0]]
[2022.03.29-21.51.09:159][  0]LogConfig: Setting CVar [[s.EventDrivenLoaderEnabled:1]]
[2022.03.29-21.51.09:159][  0]LogConfig: Setting CVar [[s.WarnIfTimeLimitExceeded:0]]
[2022.03.29-21.51.09:159][  0]LogConfig: Setting CVar [[s.TimeLimitExceededMultiplier:1.5]]
[2022.03.29-21.51.09:159][  0]LogConfig: Setting CVar [[s.TimeLimitExceededMinTime:0.005]]
[2022.03.29-21.51.09:159][  0]LogConfig: Setting CVar [[s.UseBackgroundLevelStreaming:1]]
[2022.03.29-21.51.09:159][  0]LogConfig: Setting CVar [[s.PriorityAsyncLoadingExtraTime:15.0]]
[2022.03.29-21.51.09:159][  0]LogConfig: Setting CVar [[s.LevelStreamingActorsUpdateTimeLimit:5.0]]
[2022.03.29-21.51.09:159][  0]LogConfig: Setting CVar [[s.PriorityLevelStreamingActorsUpdateExtraTime:5.0]]
[2022.03.29-21.51.09:159][  0]LogConfig: Setting CVar [[s.LevelStreamingComponentsRegistrationGranularity:10]]
[2022.03.29-21.51.09:159][  0]LogConfig: Setting CVar [[s.UnregisterComponentsTimeLimit:1.0]]
[2022.03.29-21.51.09:159][  0]LogConfig: Setting CVar [[s.LevelStreamingComponentsUnregistrationGranularity:5]]
[2022.03.29-21.51.09:159][  0]LogConfig: Setting CVar [[s.FlushStreamingOnExit:1]]
[2022.03.29-21.51.09:159][  0]LogConfig: Applying CVar settings from Section [/Script/Engine.GarbageCollectionSettings] File [E:/Repositories/gpr300/Project4/Niagara/Saved/Config/Windows/Engine.ini]
[2022.03.29-21.51.09:159][  0]LogConfig: Setting CVar [[gc.MaxObjectsNotConsideredByGC:1]]
[2022.03.29-21.51.09:159][  0]LogConfig: Setting CVar [[gc.SizeOfPermanentObjectPool:0]]
[2022.03.29-21.51.09:159][  0]LogConfig: Setting CVar [[gc.FlushStreamingOnGC:0]]
[2022.03.29-21.51.09:159][  0]LogConfig: Setting CVar [[gc.NumRetriesBeforeForcingGC:10]]
[2022.03.29-21.51.09:159][  0]LogConfig: Setting CVar [[gc.AllowParallelGC:1]]
[2022.03.29-21.51.09:159][  0]LogConfig: Setting CVar [[gc.TimeBetweenPurgingPendingKillObjects:61.1]]
[2022.03.29-21.51.09:159][  0]LogConfig: Setting CVar [[gc.MaxObjectsInEditor:25165824]]
[2022.03.29-21.51.09:159][  0]LogConfig: Setting CVar [[gc.IncrementalBeginDestroyEnabled:1]]
[2022.03.29-21.51.09:159][  0]LogConfig: Setting CVar [[gc.CreateGCClusters:1]]
[2022.03.29-21.51.09:159][  0]LogConfig: Setting CVar [[gc.MinGCClusterSize:5]]
[2022.03.29-21.51.09:159][  0]LogConfig: Setting CVar [[gc.ActorClusteringEnabled:0]]
[2022.03.29-21.51.09:159][  0]LogConfig: Setting CVar [[gc.BlueprintClusteringEnabled:0]]
[2022.03.29-21.51.09:159][  0]LogConfig: Setting CVar [[gc.UseDisregardForGCOnDedicatedServers:0]]
[2022.03.29-21.51.09:159][  0]LogConfig: Setting CVar [[gc.MultithreadedDestructionEnabled:1]]
[2022.03.29-21.51.09:159][  0]LogConfig: Applying CVar settings from Section [/Script/Engine.NetworkSettings] File [E:/Repositories/gpr300/Project4/Niagara/Saved/Config/Windows/Engine.ini]
[2022.03.29-21.51.09:159][  0]LogConfig: Applying CVar settings from Section [/Script/UnrealEd.CookerSettings] File [E:/Repositories/gpr300/Project4/Niagara/Saved/Config/Windows/Engine.ini]
[2022.03.29-21.51.09:163][  0]LogConfig: Applying CVar settings from Section [ViewDistanceQuality@3] File [E:/Repositories/gpr300/Project4/Niagara/Saved/Config/Windows/Scalability.ini]
[2022.03.29-21.51.09:163][  0]LogConfig: Setting CVar [[r.SkeletalMeshLODBias:0]]
[2022.03.29-21.51.09:163][  0]LogConfig: Setting CVar [[r.ViewDistanceScale:1.0]]
[2022.03.29-21.51.09:163][  0]LogConfig: Applying CVar settings from Section [AntiAliasingQuality@3] File [E:/Repositories/gpr300/Project4/Niagara/Saved/Config/Windows/Scalability.ini]
[2022.03.29-21.51.09:163][  0]LogConfig: Setting CVar [[r.PostProcessAAQuality:4]]
[2022.03.29-21.51.09:163][  0]LogConfig: Applying CVar settings from Section [ShadowQuality@3] File [E:/Repositories/gpr300/Project4/Niagara/Saved/Config/Windows/Scalability.ini]
[2022.03.29-21.51.09:163][  0]LogConfig: Setting CVar [[r.LightFunctionQuality:1]]
[2022.03.29-21.51.09:163][  0]LogConfig: Setting CVar [[r.ShadowQuality:5]]
[2022.03.29-21.51.09:163][  0]LogConfig: Setting CVar [[r.Shadow.CSM.MaxCascades:10]]
[2022.03.29-21.51.09:163][  0]LogConfig: Setting CVar [[r.Shadow.MaxResolution:2048]]
[2022.03.29-21.51.09:163][  0]LogConfig: Setting CVar [[r.Shadow.MaxCSMResolution:2048]]
[2022.03.29-21.51.09:163][  0]LogConfig: Setting CVar [[r.Shadow.RadiusThreshold:0.01]]
[2022.03.29-21.51.09:163][  0]LogConfig: Setting CVar [[r.Shadow.DistanceScale:1.0]]
[2022.03.29-21.51.09:163][  0]LogConfig: Setting CVar [[r.Shadow.CSM.TransitionScale:1.0]]
[2022.03.29-21.51.09:163][  0]LogConfig: Setting CVar [[r.Shadow.PreShadowResolutionFactor:1.0]]
[2022.03.29-21.51.09:163][  0]LogConfig: Setting CVar [[r.DistanceFieldShadowing:1]]
[2022.03.29-21.51.09:163][  0]LogConfig: Setting CVar [[r.DistanceFieldAO:1]]
[2022.03.29-21.51.09:163][  0]LogConfig: Setting CVar [[r.AOQuality:2]]
[2022.03.29-21.51.09:163][  0]LogConfig: Setting CVar [[r.VolumetricFog:1]]
[2022.03.29-21.51.09:163][  0]LogConfig: Setting CVar [[r.VolumetricFog.GridPixelSize:8]]
[2022.03.29-21.51.09:163][  0]LogConfig: Setting CVar [[r.VolumetricFog.GridSizeZ:128]]
[2022.03.29-21.51.09:163][  0]LogConfig: Setting CVar [[r.VolumetricFog.HistoryMissSupersampleCount:4]]
[2022.03.29-21.51.09:163][  0]LogConfig: Setting CVar [[r.LightMaxDrawDistanceScale:1]]
[2022.03.29-21.51.09:163][  0]LogConfig: Setting CVar [[r.CapsuleShadows:1]]
[2022.03.29-21.51.09:163][  0]LogConfig: Applying CVar settings from Section [PostProcessQuality@3] File [E:/Repositories/gpr300/Project4/Niagara/Saved/Config/Windows/Scalability.ini]
[2022.03.29-21.51.09:163][  0]LogConfig: Setting CVar [[r.MotionBlurQuality:4]]
[2022.03.29-21.51.09:163][  0]LogConfig: Setting CVar [[r.AmbientOcclusionMipLevelFactor:0.4]]
[2022.03.29-21.51.09:163][  0]LogConfig: Setting CVar [[r.AmbientOcclusionMaxQuality:100]]
[2022.03.29-21.51.09:163][  0]LogConfig: Setting CVar [[r.AmbientOcclusionLevels:-1]]
[2022.03.29-21.51.09:163][  0]LogConfig: Setting CVar [[r.AmbientOcclusionRadiusScale:1.0]]
[2022.03.29-21.51.09:163][  0]LogConfig: Setting CVar [[r.DepthOfFieldQuality:2]]
[2022.03.29-21.51.09:163][  0]LogConfig: Setting CVar [[r.RenderTargetPoolMin:400]]
[2022.03.29-21.51.09:163][  0]LogConfig: Setting CVar [[r.LensFlareQuality:2]]
[2022.03.29-21.51.09:163][  0]LogConfig: Setting CVar [[r.SceneColorFringeQuality:1]]
[2022.03.29-21.51.09:163][  0]LogConfig: Setting CVar [[r.EyeAdaptationQuality:2]]
[2022.03.29-21.51.09:163][  0]LogConfig: Setting CVar [[r.BloomQuality:5]]
[2022.03.29-21.51.09:163][  0]LogConfig: Setting CVar [[r.FastBlurThreshold:100]]
[2022.03.29-21.51.09:163][  0]LogConfig: Setting CVar [[r.Upscale.Quality:3]]
[2022.03.29-21.51.09:163][  0]LogConfig: Setting CVar [[r.Tonemapper.GrainQuantization:1]]
[2022.03.29-21.51.09:163][  0]LogConfig: Setting CVar [[r.LightShaftQuality:1]]
[2022.03.29-21.51.09:163][  0]LogConfig: Setting CVar [[r.Filter.SizeScale:1]]
[2022.03.29-21.51.09:163][  0]LogConfig: Setting CVar [[r.Tonemapper.Quality:5]]
[2022.03.29-21.51.09:163][  0]LogConfig: Setting CVar [[r.DOF.Gather.AccumulatorQuality:1        ; higher gathering accumulator quality]]
[2022.03.29-21.51.09:163][  0]LogConfig: Setting CVar [[r.DOF.Gather.PostfilterMethod:1          ; Median3x3 postfilering method]]
[2022.03.29-21.51.09:163][  0]LogConfig: Setting CVar [[r.DOF.Gather.EnableBokehSettings:0       ; no bokeh simulation when gathering]]
[2022.03.29-21.51.09:163][  0]LogConfig: Setting CVar [[r.DOF.Gather.RingCount:4                 ; medium number of samples when gathering]]
[2022.03.29-21.51.09:163][  0]LogConfig: Setting CVar [[r.DOF.Scatter.ForegroundCompositing:1    ; additive foreground scattering]]
[2022.03.29-21.51.09:163][  0]LogConfig: Setting CVar [[r.DOF.Scatter.BackgroundCompositing:2    ; additive background scattering]]
[2022.03.29-21.51.09:163][  0]LogConfig: Setting CVar [[r.DOF.Scatter.EnableBokehSettings:1      ; bokeh simulation when scattering]]
[2022.03.29-21.51.09:163][  0]LogConfig: Setting CVar [[r.DOF.Scatter.MaxSpriteRatio:0.1         ; only a maximum of 10% of scattered bokeh]]
[2022.03.29-21.51.09:163][  0]LogConfig: Setting CVar [[r.DOF.Recombine.Quality:1                ; cheap slight out of focus]]
[2022.03.29-21.51.09:163][  0]LogConfig: Setting CVar [[r.DOF.Recombine.EnableBokehSettings:0    ; no bokeh simulation on slight out of focus]]
[2022.03.29-21.51.09:163][  0]LogConfig: Setting CVar [[r.DOF.TemporalAAQuality:1                ; more stable temporal accumulation]]
[2022.03.29-21.51.09:163][  0]LogConfig: Setting CVar [[r.DOF.Kernel.MaxForegroundRadius:0.025]]
[2022.03.29-21.51.09:163][  0]LogConfig: Setting CVar [[r.DOF.Kernel.MaxBackgroundRadius:0.025]]
[2022.03.29-21.51.09:163][  0]LogConfig: Applying CVar settings from Section [TextureQuality@3] File [E:/Repositories/gpr300/Project4/Niagara/Saved/Config/Windows/Scalability.ini]
[2022.03.29-21.51.09:163][  0]LogConfig: Setting CVar [[r.Streaming.MipBias:0]]
[2022.03.29-21.51.09:163][  0]LogConfig: Setting CVar [[r.Streaming.AmortizeCPUToGPUCopy:0]]
[2022.03.29-21.51.09:163][  0]LogConfig: Setting CVar [[r.Streaming.MaxNumTexturesToStreamPerFrame:0]]
[2022.03.29-21.51.09:163][  0]LogConfig: Setting CVar [[r.Streaming.Boost:1]]
[2022.03.29-21.51.09:163][  0]LogConfig: Setting CVar [[r.MaxAnisotropy:8]]
[2022.03.29-21.51.09:163][  0]LogConfig: Setting CVar [[r.VT.MaxAnisotropy:8]]
[2022.03.29-21.51.09:163][  0]LogConfig: Setting CVar [[r.Streaming.LimitPoolSizeToVRAM:0]]
[2022.03.29-21.51.09:163][  0]LogConfig: Setting CVar [[r.Streaming.PoolSize:1000]]
[2022.03.29-21.51.09:163][  0]LogConfig: Setting CVar [[r.Streaming.MaxEffectiveScreenSize:0]]
[2022.03.29-21.51.09:163][  0]LogConfig: Applying CVar settings from Section [EffectsQuality@3] File [E:/Repositories/gpr300/Project4/Niagara/Saved/Config/Windows/Scalability.ini]
[2022.03.29-21.51.09:163][  0]LogConfig: Setting CVar [[r.TranslucencyLightingVolumeDim:64]]
[2022.03.29-21.51.09:163][  0]LogConfig: Setting CVar [[r.RefractionQuality:2]]
[2022.03.29-21.51.09:163][  0]LogConfig: Setting CVar [[r.SSR.Quality:3]]
[2022.03.29-21.51.09:163][  0]LogConfig: Setting CVar [[r.SSR.HalfResSceneColor:0]]
[2022.03.29-21.51.09:163][  0]LogConfig: Setting CVar [[r.SceneColorFormat:4]]
[2022.03.29-21.51.09:163][  0]LogConfig: Setting CVar [[r.DetailMode:2]]
[2022.03.29-21.51.09:163][  0]LogConfig: Setting CVar [[r.TranslucencyVolumeBlur:1]]
[2022.03.29-21.51.09:163][  0]LogConfig: Setting CVar [[r.MaterialQualityLevel:1 ; High quality]]
[2022.03.29-21.51.09:163][  0]LogConfig: Setting CVar [[r.AnisotropicMaterials:1]]
[2022.03.29-21.51.09:163][  0]LogConfig: Setting CVar [[r.SSS.Scale:1]]
[2022.03.29-21.51.09:163][  0]LogConfig: Setting CVar [[r.SSS.SampleSet:2]]
[2022.03.29-21.51.09:164][  0]LogConfig: Setting CVar [[r.SSS.Quality:1]]
[2022.03.29-21.51.09:164][  0]LogConfig: Setting CVar [[r.SSS.HalfRes:0]]
[2022.03.29-21.51.09:164][  0]LogConfig: Setting CVar [[r.SSGI.Quality:3]]
[2022.03.29-21.51.09:164][  0]LogConfig: Setting CVar [[r.EmitterSpawnRateScale:1.0]]
[2022.03.29-21.51.09:164][  0]LogConfig: Setting CVar [[r.ParticleLightQuality:2]]
[2022.03.29-21.51.09:164][  0]LogConfig: Setting CVar [[r.SkyAtmosphere.AerialPerspectiveLUT.FastApplyOnOpaque:1 ; Always have FastSkyLUT 1 in this case to avoid wrong sky]]
[2022.03.29-21.51.09:164][  0]LogConfig: Setting CVar [[r.SkyAtmosphere.AerialPerspectiveLUT.SampleCountMaxPerSlice:4]]
[2022.03.29-21.51.09:164][  0]LogConfig: Setting CVar [[r.SkyAtmosphere.AerialPerspectiveLUT.DepthResolution:16.0]]
[2022.03.29-21.51.09:164][  0]LogConfig: Setting CVar [[r.SkyAtmosphere.FastSkyLUT:1]]
[2022.03.29-21.51.09:164][  0]LogConfig: Setting CVar [[r.SkyAtmosphere.FastSkyLUT.SampleCountMin:4.0]]
[2022.03.29-21.51.09:164][  0]LogConfig: Setting CVar [[r.SkyAtmosphere.FastSkyLUT.SampleCountMax:128.0]]
[2022.03.29-21.51.09:164][  0]LogConfig: Setting CVar [[r.SkyAtmosphere.SampleCountMin:4.0]]
[2022.03.29-21.51.09:164][  0]LogConfig: Setting CVar [[r.SkyAtmosphere.SampleCountMax:128.0]]
[2022.03.29-21.51.09:164][  0]LogConfig: Setting CVar [[r.SkyAtmosphere.TransmittanceLUT.UseSmallFormat:0]]
[2022.03.29-21.51.09:164][  0]LogConfig: Setting CVar [[r.SkyAtmosphere.TransmittanceLUT.SampleCount:10.0]]
[2022.03.29-21.51.09:164][  0]LogConfig: Setting CVar [[r.SkyAtmosphere.MultiScatteringLUT.SampleCount:15.0]]
[2022.03.29-21.51.09:164][  0]LogConfig: Setting CVar [[r.SkyLight.RealTimeReflectionCapture:1]]
[2022.03.29-21.51.09:164][  0]LogConfig: Applying CVar settings from Section [FoliageQuality@3] File [E:/Repositories/gpr300/Project4/Niagara/Saved/Config/Windows/Scalability.ini]
[2022.03.29-21.51.09:164][  0]LogConfig: Setting CVar [[foliage.DensityScale:1.0]]
[2022.03.29-21.51.09:164][  0]LogConfig: Setting CVar [[grass.DensityScale:1.0]]
[2022.03.29-21.51.09:164][  0]LogConfig: Applying CVar settings from Section [ShadingQuality@3] File [E:/Repositories/gpr300/Project4/Niagara/Saved/Config/Windows/Scalability.ini]
[2022.03.29-21.51.09:164][  0]LogConfig: Setting CVar [[r.HairStrands.SkyLighting.IntegrationType:2]]
[2022.03.29-21.51.09:164][  0]LogConfig: Setting CVar [[r.HairStrands.SkyAO.SampleCount:4]]
[2022.03.29-21.51.09:164][  0]LogConfig: Setting CVar [[r.HairStrands.Visibility.MSAA.SamplePerPixel:4]]
[2022.03.29-21.51.09:164][  0]LogInit: Selected Device Profile: [Windows]
[2022.03.29-21.51.09:164][  0]LogInit: Applying CVar settings loaded from the selected device profile: [Windows]
[2022.03.29-21.51.09:164][  0]LogHAL: Display: Platform has ~ 16 GB [17126752256 / 17179869184 / 16], which maps to Larger [LargestMinGB=32, LargerMinGB=12, DefaultMinGB=8, SmallerMinGB=6, SmallestMinGB=0)
[2022.03.29-21.51.09:164][  0]LogInit: Going up to parent DeviceProfile []
[2022.03.29-21.51.09:164][  0]LogConfig: Applying CVar settings from Section [ViewDistanceQuality@3] File [E:/Repositories/gpr300/Project4/Niagara/Saved/Config/Windows/Scalability.ini]
[2022.03.29-21.51.09:164][  0]LogConfig: Setting CVar [[r.SkeletalMeshLODBias:0]]
[2022.03.29-21.51.09:164][  0]LogConfig: Setting CVar [[r.ViewDistanceScale:1.0]]
[2022.03.29-21.51.09:164][  0]LogConfig: Applying CVar settings from Section [AntiAliasingQuality@3] File [E:/Repositories/gpr300/Project4/Niagara/Saved/Config/Windows/Scalability.ini]
[2022.03.29-21.51.09:164][  0]LogConfig: Setting CVar [[r.PostProcessAAQuality:4]]
[2022.03.29-21.51.09:164][  0]LogConfig: Applying CVar settings from Section [ShadowQuality@3] File [E:/Repositories/gpr300/Project4/Niagara/Saved/Config/Windows/Scalability.ini]
[2022.03.29-21.51.09:164][  0]LogConfig: Setting CVar [[r.LightFunctionQuality:1]]
[2022.03.29-21.51.09:164][  0]LogConfig: Setting CVar [[r.ShadowQuality:5]]
[2022.03.29-21.51.09:164][  0]LogConfig: Setting CVar [[r.Shadow.CSM.MaxCascades:10]]
[2022.03.29-21.51.09:164][  0]LogConfig: Setting CVar [[r.Shadow.MaxResolution:2048]]
[2022.03.29-21.51.09:164][  0]LogConfig: Setting CVar [[r.Shadow.MaxCSMResolution:2048]]
[2022.03.29-21.51.09:164][  0]LogConfig: Setting CVar [[r.Shadow.RadiusThreshold:0.01]]
[2022.03.29-21.51.09:164][  0]LogConfig: Setting CVar [[r.Shadow.DistanceScale:1.0]]
[2022.03.29-21.51.09:164][  0]LogConfig: Setting CVar [[r.Shadow.CSM.TransitionScale:1.0]]
[2022.03.29-21.51.09:164][  0]LogConfig: Setting CVar [[r.Shadow.PreShadowResolutionFactor:1.0]]
[2022.03.29-21.51.09:164][  0]LogConfig: Setting CVar [[r.DistanceFieldShadowing:1]]
[2022.03.29-21.51.09:164][  0]LogConfig: Setting CVar [[r.DistanceFieldAO:1]]
[2022.03.29-21.51.09:164][  0]LogConfig: Setting CVar [[r.AOQuality:2]]
[2022.03.29-21.51.09:164][  0]LogConfig: Setting CVar [[r.VolumetricFog:1]]
[2022.03.29-21.51.09:164][  0]LogConfig: Setting CVar [[r.VolumetricFog.GridPixelSize:8]]
[2022.03.29-21.51.09:164][  0]LogConfig: Setting CVar [[r.VolumetricFog.GridSizeZ:128]]
[2022.03.29-21.51.09:164][  0]LogConfig: Setting CVar [[r.VolumetricFog.HistoryMissSupersampleCount:4]]
[2022.03.29-21.51.09:164][  0]LogConfig: Setting CVar [[r.LightMaxDrawDistanceScale:1]]
[2022.03.29-21.51.09:164][  0]LogConfig: Setting CVar [[r.CapsuleShadows:1]]
[2022.03.29-21.51.09:164][  0]LogConfig: Applying CVar settings from Section [PostProcessQuality@3] File [E:/Repositories/gpr300/Project4/Niagara/Saved/Config/Windows/Scalability.ini]
[2022.03.29-21.51.09:164][  0]LogConfig: Setting CVar [[r.MotionBlurQuality:4]]
[2022.03.29-21.51.09:164][  0]LogConfig: Setting CVar [[r.AmbientOcclusionMipLevelFactor:0.4]]
[2022.03.29-21.51.09:164][  0]LogConfig: Setting CVar [[r.AmbientOcclusionMaxQuality:100]]
[2022.03.29-21.51.09:164][  0]LogConfig: Setting CVar [[r.AmbientOcclusionLevels:-1]]
[2022.03.29-21.51.09:164][  0]LogConfig: Setting CVar [[r.AmbientOcclusionRadiusScale:1.0]]
[2022.03.29-21.51.09:164][  0]LogConfig: Setting CVar [[r.DepthOfFieldQuality:2]]
[2022.03.29-21.51.09:164][  0]LogConfig: Setting CVar [[r.RenderTargetPoolMin:400]]
[2022.03.29-21.51.09:164][  0]LogConfig: Setting CVar [[r.LensFlareQuality:2]]
[2022.03.29-21.51.09:164][  0]LogConfig: Setting CVar [[r.SceneColorFringeQuality:1]]
[2022.03.29-21.51.09:164][  0]LogConfig: Setting CVar [[r.EyeAdaptationQuality:2]]
[2022.03.29-21.51.09:164][  0]LogConfig: Setting CVar [[r.BloomQuality:5]]
[2022.03.29-21.51.09:164][  0]LogConfig: Setting CVar [[r.FastBlurThreshold:100]]
[2022.03.29-21.51.09:164][  0]LogConfig: Setting CVar [[r.Upscale.Quality:3]]
[2022.03.29-21.51.09:164][  0]LogConfig: Setting CVar [[r.Tonemapper.GrainQuantization:1]]
[2022.03.29-21.51.09:164][  0]LogConfig: Setting CVar [[r.LightShaftQuality:1]]
[2022.03.29-21.51.09:164][  0]LogConfig: Setting CVar [[r.Filter.SizeScale:1]]
[2022.03.29-21.51.09:164][  0]LogConfig: Setting CVar [[r.Tonemapper.Quality:5]]
[2022.03.29-21.51.09:164][  0]LogConfig: Setting CVar [[r.DOF.Gather.AccumulatorQuality:1        ; higher gathering accumulator quality]]
[2022.03.29-21.51.09:164][  0]LogConfig: Setting CVar [[r.DOF.Gather.PostfilterMethod:1          ; Median3x3 postfilering method]]
[2022.03.29-21.51.09:164][  0]LogConfig: Setting CVar [[r.DOF.Gather.EnableBokehSettings:0       ; no bokeh simulation when gathering]]
[2022.03.29-21.51.09:164][  0]LogConfig: Setting CVar [[r.DOF.Gather.RingCount:4                 ; medium number of samples when gathering]]
[2022.03.29-21.51.09:164][  0]LogConfig: Setting CVar [[r.DOF.Scatter.ForegroundCompositing:1    ; additive foreground scattering]]
[2022.03.29-21.51.09:164][  0]LogConfig: Setting CVar [[r.DOF.Scatter.BackgroundCompositing:2    ; additive background scattering]]
[2022.03.29-21.51.09:164][  0]LogConfig: Setting CVar [[r.DOF.Scatter.EnableBokehSettings:1      ; bokeh simulation when scattering]]
[2022.03.29-21.51.09:164][  0]LogConfig: Setting CVar [[r.DOF.Scatter.MaxSpriteRatio:0.1         ; only a maximum of 10% of scattered bokeh]]
[2022.03.29-21.51.09:164][  0]LogConfig: Setting CVar [[r.DOF.Recombine.Quality:1                ; cheap slight out of focus]]
[2022.03.29-21.51.09:164][  0]LogConfig: Setting CVar [[r.DOF.Recombine.EnableBokehSettings:0    ; no bokeh simulation on slight out of focus]]
[2022.03.29-21.51.09:164][  0]LogConfig: Setting CVar [[r.DOF.TemporalAAQuality:1                ; more stable temporal accumulation]]
[2022.03.29-21.51.09:164][  0]LogConfig: Setting CVar [[r.DOF.Kernel.MaxForegroundRadius:0.025]]
[2022.03.29-21.51.09:164][  0]LogConfig: Setting CVar [[r.DOF.Kernel.MaxBackgroundRadius:0.025]]
[2022.03.29-21.51.09:164][  0]LogConfig: Applying CVar settings from Section [TextureQuality@3] File [E:/Repositories/gpr300/Project4/Niagara/Saved/Config/Windows/Scalability.ini]
[2022.03.29-21.51.09:164][  0]LogConfig: Setting CVar [[r.Streaming.MipBias:0]]
[2022.03.29-21.51.09:164][  0]LogConfig: Setting CVar [[r.Streaming.AmortizeCPUToGPUCopy:0]]
[2022.03.29-21.51.09:164][  0]LogConfig: Setting CVar [[r.Streaming.MaxNumTexturesToStreamPerFrame:0]]
[2022.03.29-21.51.09:164][  0]LogConfig: Setting CVar [[r.Streaming.Boost:1]]
[2022.03.29-21.51.09:164][  0]LogConfig: Setting CVar [[r.MaxAnisotropy:8]]
[2022.03.29-21.51.09:164][  0]LogConfig: Setting CVar [[r.VT.MaxAnisotropy:8]]
[2022.03.29-21.51.09:164][  0]LogConfig: Setting CVar [[r.Streaming.LimitPoolSizeToVRAM:0]]
[2022.03.29-21.51.09:164][  0]LogConfig: Setting CVar [[r.Streaming.PoolSize:1000]]
[2022.03.29-21.51.09:164][  0]LogConfig: Setting CVar [[r.Streaming.MaxEffectiveScreenSize:0]]
[2022.03.29-21.51.09:164][  0]LogConfig: Applying CVar settings from Section [EffectsQuality@3] File [E:/Repositories/gpr300/Project4/Niagara/Saved/Config/Windows/Scalability.ini]
[2022.03.29-21.51.09:164][  0]LogConfig: Setting CVar [[r.TranslucencyLightingVolumeDim:64]]
[2022.03.29-21.51.09:164][  0]LogConfig: Setting CVar [[r.RefractionQuality:2]]
[2022.03.29-21.51.09:164][  0]LogConfig: Setting CVar [[r.SSR.Quality:3]]
[2022.03.29-21.51.09:164][  0]LogConfig: Setting CVar [[r.SSR.HalfResSceneColor:0]]
[2022.03.29-21.51.09:165][  0]LogConfig: Setting CVar [[r.SceneColorFormat:4]]
[2022.03.29-21.51.09:165][  0]LogConfig: Setting CVar [[r.DetailMode:2]]
[2022.03.29-21.51.09:165][  0]LogConfig: Setting CVar [[r.TranslucencyVolumeBlur:1]]
[2022.03.29-21.51.09:165][  0]LogConfig: Setting CVar [[r.MaterialQualityLevel:1 ; High quality]]
[2022.03.29-21.51.09:165][  0]LogConfig: Setting CVar [[r.AnisotropicMaterials:1]]
[2022.03.29-21.51.09:165][  0]LogConfig: Setting CVar [[r.SSS.Scale:1]]
[2022.03.29-21.51.09:165][  0]LogConfig: Setting CVar [[r.SSS.SampleSet:2]]
[2022.03.29-21.51.09:165][  0]LogConfig: Setting CVar [[r.SSS.Quality:1]]
[2022.03.29-21.51.09:165][  0]LogConfig: Setting CVar [[r.SSS.HalfRes:0]]
[2022.03.29-21.51.09:165][  0]LogConfig: Setting CVar [[r.SSGI.Quality:3]]
[2022.03.29-21.51.09:165][  0]LogConfig: Setting CVar [[r.EmitterSpawnRateScale:1.0]]
[2022.03.29-21.51.09:165][  0]LogConfig: Setting CVar [[r.ParticleLightQuality:2]]
[2022.03.29-21.51.09:165][  0]LogConfig: Setting CVar [[r.SkyAtmosphere.AerialPerspectiveLUT.FastApplyOnOpaque:1 ; Always have FastSkyLUT 1 in this case to avoid wrong sky]]
[2022.03.29-21.51.09:165][  0]LogConfig: Setting CVar [[r.SkyAtmosphere.AerialPerspectiveLUT.SampleCountMaxPerSlice:4]]
[2022.03.29-21.51.09:165][  0]LogConfig: Setting CVar [[r.SkyAtmosphere.AerialPerspectiveLUT.DepthResolution:16.0]]
[2022.03.29-21.51.09:165][  0]LogConfig: Setting CVar [[r.SkyAtmosphere.FastSkyLUT:1]]
[2022.03.29-21.51.09:165][  0]LogConfig: Setting CVar [[r.SkyAtmosphere.FastSkyLUT.SampleCountMin:4.0]]
[2022.03.29-21.51.09:165][  0]LogConfig: Setting CVar [[r.SkyAtmosphere.FastSkyLUT.SampleCountMax:128.0]]
[2022.03.29-21.51.09:165][  0]LogConfig: Setting CVar [[r.SkyAtmosphere.SampleCountMin:4.0]]
[2022.03.29-21.51.09:165][  0]LogConfig: Setting CVar [[r.SkyAtmosphere.SampleCountMax:128.0]]
[2022.03.29-21.51.09:165][  0]LogConfig: Setting CVar [[r.SkyAtmosphere.TransmittanceLUT.UseSmallFormat:0]]
[2022.03.29-21.51.09:165][  0]LogConfig: Setting CVar [[r.SkyAtmosphere.TransmittanceLUT.SampleCount:10.0]]
[2022.03.29-21.51.09:165][  0]LogConfig: Setting CVar [[r.SkyAtmosphere.MultiScatteringLUT.SampleCount:15.0]]
[2022.03.29-21.51.09:165][  0]LogConfig: Setting CVar [[r.SkyLight.RealTimeReflectionCapture:1]]
[2022.03.29-21.51.09:165][  0]LogConfig: Applying CVar settings from Section [FoliageQuality@3] File [E:/Repositories/gpr300/Project4/Niagara/Saved/Config/Windows/Scalability.ini]
[2022.03.29-21.51.09:165][  0]LogConfig: Setting CVar [[foliage.DensityScale:1.0]]
[2022.03.29-21.51.09:165][  0]LogConfig: Setting CVar [[grass.DensityScale:1.0]]
[2022.03.29-21.51.09:165][  0]LogConfig: Applying CVar settings from Section [ShadingQuality@3] File [E:/Repositories/gpr300/Project4/Niagara/Saved/Config/Windows/Scalability.ini]
[2022.03.29-21.51.09:165][  0]LogConfig: Setting CVar [[r.HairStrands.SkyLighting.IntegrationType:2]]
[2022.03.29-21.51.09:165][  0]LogConfig: Setting CVar [[r.HairStrands.SkyAO.SampleCount:4]]
[2022.03.29-21.51.09:165][  0]LogConfig: Setting CVar [[r.HairStrands.Visibility.MSAA.SamplePerPixel:4]]
[2022.03.29-21.51.09:165][  0]LogConfig: Applying CVar settings from Section [Startup] File [../../../Engine/Config/ConsoleVariables.ini]
[2022.03.29-21.51.09:165][  0]LogConfig: Setting CVar [[net.UseAdaptiveNetUpdateFrequency:0]]
[2022.03.29-21.51.09:165][  0]LogConfig: Setting CVar [[p.chaos.AllowCreatePhysxBodies:1]]
[2022.03.29-21.51.09:165][  0]LogConfig: Setting CVar [[fx.SkipVectorVMBackendOptimizations:1]]
[2022.03.29-21.51.09:165][  0]LogConfig: Applying CVar settings from Section [ConsoleVariables] File [E:/Repositories/gpr300/Project4/Niagara/Saved/Config/Windows/Engine.ini]
[2022.03.29-21.51.09:165][  0]LogConfig: Applying CVar settings from Section [ConsoleVariables] File [E:/Repositories/gpr300/Project4/Niagara/Saved/Config/Windows/Editor.ini]
[2022.03.29-21.51.09:165][  0]LogInit: Computer: DESKTOP-KA31P2G
[2022.03.29-21.51.09:165][  0]LogInit: User: Albatoris
[2022.03.29-21.51.09:165][  0]LogInit: CPU Page size=4096, Cores=6
[2022.03.29-21.51.09:165][  0]LogInit: High frequency timer resolution =10.000000 MHz
[2022.03.29-21.51.09:165][  0]LogMemory: Memory total: Physical=16.0GB (16GB approx)
[2022.03.29-21.51.09:165][  0]LogMemory: Platform Memory Stats for Windows
[2022.03.29-21.51.09:165][  0]LogMemory: Process Physical Memory: 144.71 MB used, 144.71 MB peak
[2022.03.29-21.51.09:165][  0]LogMemory: Process Virtual Memory: 121.76 MB used, 121.76 MB peak
[2022.03.29-21.51.09:165][  0]LogMemory: Physical Memory: 7027.73 MB used,  9305.62 MB free, 16333.34 MB total
[2022.03.29-21.51.09:165][  0]LogMemory: Virtual Memory: 134196840.00 MB used,  20886.20 MB free, 134217728.00 MB total
[2022.03.29-21.51.09:169][  0]LogWindows: WindowsPlatformFeatures enabled
[2022.03.29-21.51.09:196][  0]LogInit: Physics initialised using underlying interface: PhysX
[2022.03.29-21.51.09:197][  0]LogInit: Using OS detected language (en-US).
[2022.03.29-21.51.09:197][  0]LogInit: Using OS detected locale (en-US).
[2022.03.29-21.51.09:199][  0]LogTextLocalizationManager: No specific localization for 'en-US' exists, so the 'en' localization will be used.
[2022.03.29-21.51.09:355][  0]LogInit: Setting process to per monitor DPI aware
[2022.03.29-21.51.09:365][  0]LogWindowsTextInputMethodSystem: Display: IME system deactivated.
[2022.03.29-21.51.09:374][  0]LogSlate: New Slate User Created.  User Index 0, Is Virtual User: 0
[2022.03.29-21.51.09:374][  0]LogSlate: Slate User Registered.  User Index 0, Is Virtual User: 0
[2022.03.29-21.51.09:481][  0]LogD3D11RHI: Loaded GFSDK_Aftermath_Lib.x64.dll
[2022.03.29-21.51.09:483][  0]LogHMD: Failed to initialize OpenVR with code 110
[2022.03.29-21.51.09:483][  0]LogD3D11RHI: D3D11 min allowed feature level: 11_0
[2022.03.29-21.51.09:483][  0]LogD3D11RHI: D3D11 max allowed feature level: 11_0
[2022.03.29-21.51.09:483][  0]LogD3D11RHI: D3D11 adapters:
[2022.03.29-21.51.09:568][  0]LogD3D11RHI:    0. 'NVIDIA GeForce GTX 1660' (Feature Level 11_0)
[2022.03.29-21.51.09:568][  0]LogD3D11RHI:       5991/0/8166 MB DedicatedVideo/DedicatedSystem/SharedSystem, Outputs:1, VendorId:0x10de
[2022.03.29-21.51.09:570][  0]LogD3D11RHI:    1. 'Microsoft Basic Render Driver' (Feature Level 11_0)
[2022.03.29-21.51.09:570][  0]LogD3D11RHI:       0/0/8166 MB DedicatedVideo/DedicatedSystem/SharedSystem, Outputs:0, VendorId:0x1414
[2022.03.29-21.51.09:570][  0]LogD3D11RHI: Chosen D3D11 Adapter:
[2022.03.29-21.51.09:570][  0]LogD3D11RHI:     Description : NVIDIA GeForce GTX 1660
[2022.03.29-21.51.09:570][  0]LogD3D11RHI:     VendorId    : 10de
[2022.03.29-21.51.09:570][  0]LogD3D11RHI:     DeviceId    : 2184
[2022.03.29-21.51.09:570][  0]LogD3D11RHI:     SubSysId    : 37901462
[2022.03.29-21.51.09:570][  0]LogD3D11RHI:     Revision    : 00a1
[2022.03.29-21.51.09:570][  0]LogD3D11RHI:     DedicatedVideoMemory : 6282018816 bytes
[2022.03.29-21.51.09:570][  0]LogD3D11RHI:     DedicatedSystemMemory : 0 bytes
[2022.03.29-21.51.09:570][  0]LogD3D11RHI:     SharedSystemMemory : 8563376128 bytes
[2022.03.29-21.51.09:570][  0]LogD3D11RHI:     AdapterLuid : 0 52094
[2022.03.29-21.51.09:575][  0]LogD3D11RHI: Creating new Direct3DDevice
[2022.03.29-21.51.09:575][  0]LogD3D11RHI:     GPU DeviceId: 0x2184 (for the marketing name, search the web for "GPU Device Id")
[2022.03.29-21.51.09:575][  0]LogWindows: EnumDisplayDevices:
[2022.03.29-21.51.09:575][  0]LogWindows:    0. 'NVIDIA GeForce GTX 1660' (P:1 D:1)
[2022.03.29-21.51.09:575][  0]LogWindows:    1. 'NVIDIA GeForce GTX 1660' (P:0 D:0)
[2022.03.29-21.51.09:576][  0]LogWindows:    2. 'NVIDIA GeForce GTX 1660' (P:0 D:0)
[2022.03.29-21.51.09:576][  0]LogWindows:    3. 'NVIDIA GeForce GTX 1660' (P:0 D:0)
[2022.03.29-21.51.09:576][  0]LogWindows: DebugString: FoundDriverCount:4 
[2022.03.29-21.51.09:576][  0]LogD3D11RHI:     Adapter Name: NVIDIA GeForce GTX 1660
[2022.03.29-21.51.09:576][  0]LogD3D11RHI:   Driver Version: 456.71 (internal:27.21.14.5671, unified:456.71)
[2022.03.29-21.51.09:576][  0]LogD3D11RHI:      Driver Date: 9-30-2020
[2022.03.29-21.51.09:576][  0]LogRHI: Texture pool is 4193 MB (70% of 5991 MB)
[2022.03.29-21.51.09:576][  0]LogD3D11RHI: Creating D3DDevice using adapter:
[2022.03.29-21.51.09:576][  0]LogD3D11RHI:     Description : NVIDIA GeForce GTX 1660
[2022.03.29-21.51.09:576][  0]LogD3D11RHI:     VendorId    : 10de
[2022.03.29-21.51.09:576][  0]LogD3D11RHI:     DeviceId    : 2184
[2022.03.29-21.51.09:576][  0]LogD3D11RHI:     SubSysId    : 37901462
[2022.03.29-21.51.09:576][  0]LogD3D11RHI:     Revision    : 00a1
[2022.03.29-21.51.09:576][  0]LogD3D11RHI:     DedicatedVideoMemory : 6282018816 bytes
[2022.03.29-21.51.09:576][  0]LogD3D11RHI:     DedicatedSystemMemory : 0 bytes
[2022.03.29-21.51.09:576][  0]LogD3D11RHI:     SharedSystemMemory : 8563376128 bytes
[2022.03.29-21.51.09:576][  0]LogD3D11RHI:     AdapterLuid : 0 52094
[2022.03.29-21.51.09:629][  0]LogD3D11RHI: RHI has support for 64 bit atomics
[2022.03.29-21.51.09:629][  0]LogD3D11RHI: Async texture creation enabled
[2022.03.29-21.51.09:629][  0]LogD3D11RHI: Array index from any shader is supported
[2022.03.29-21.51.09:643][  0]LogD3D11RHI: GPU Timing Frequency: 1000.000000 (Debug: 2 1)
[2022.03.29-21.51.09:664][  0]LogRHI: GeForceNow SDK initialized: 1
[2022.03.29-21.51.09:884][  0]LogTargetPlatformManager: Display: Loaded TargetPlatform 'AllDesktop'
[2022.03.29-21.51.09:907][  0]LogTargetPlatformManager: Display: Loaded TargetPlatform 'Android'
[2022.03.29-21.51.09:907][  0]LogTargetPlatformManager: Display: Loaded TargetPlatform 'Android_ASTC'
[2022.03.29-21.51.09:907][  0]LogTargetPlatformManager: Display: Loaded TargetPlatform 'Android_DXT'
[2022.03.29-21.51.09:907][  0]LogTargetPlatformManager: Display: Loaded TargetPlatform 'Android_ETC2'
[2022.03.29-21.51.09:907][  0]LogTargetPlatformManager: Display: Loaded TargetPlatform 'AndroidClient'
[2022.03.29-21.51.09:907][  0]LogTargetPlatformManager: Display: Loaded TargetPlatform 'Android_ASTCClient'
[2022.03.29-21.51.09:907][  0]LogTargetPlatformManager: Display: Loaded TargetPlatform 'Android_DXTClient'
[2022.03.29-21.51.09:907][  0]LogTargetPlatformManager: Display: Loaded TargetPlatform 'Android_ETC2Client'
[2022.03.29-21.51.09:907][  0]LogTargetPlatformManager: Display: Loaded TargetPlatform 'Android_Multi'
[2022.03.29-21.51.09:907][  0]LogTargetPlatformManager: Display: Loaded TargetPlatform 'Android_MultiClient'
[2022.03.29-21.51.09:922][  0]LogTargetPlatformManager: Display: Loaded TargetPlatform 'IOSClient'
[2022.03.29-21.51.09:922][  0]LogTargetPlatformManager: Display: Loaded TargetPlatform 'IOS'
[2022.03.29-21.51.09:930][  0]LogTargetPlatformManager: Display: Loaded TargetPlatform 'Linux'
[2022.03.29-21.51.09:934][  0]LogTargetPlatformManager: Display: Loaded TargetPlatform 'LinuxNoEditor'
[2022.03.29-21.51.09:937][  0]LogTargetPlatformManager: Display: Loaded TargetPlatform 'LinuxClient'
[2022.03.29-21.51.09:940][  0]LogTargetPlatformManager: Display: Loaded TargetPlatform 'LinuxServer'
[2022.03.29-21.51.09:949][  0]LogTargetPlatformManager: Display: Loaded TargetPlatform 'LinuxAArch64NoEditor'
[2022.03.29-21.51.09:952][  0]LogTargetPlatformManager: Display: Loaded TargetPlatform 'LinuxAArch64Client'
[2022.03.29-21.51.09:955][  0]LogTargetPlatformManager: Display: Loaded TargetPlatform 'LinuxAArch64Server'
[2022.03.29-21.51.09:979][  0]LogTargetPlatformManager: Display: Loaded TargetPlatform 'Lumin'
[2022.03.29-21.51.09:979][  0]LogTargetPlatformManager: Display: Loaded TargetPlatform 'LuminClient'
[2022.03.29-21.51.09:986][  0]LogTargetPlatformManager: Display: Loaded TargetPlatform 'MacNoEditor'
[2022.03.29-21.51.09:990][  0]LogTargetPlatformManager: Display: Loaded TargetPlatform 'Mac'
[2022.03.29-21.51.09:993][  0]LogTargetPlatformManager: Display: Loaded TargetPlatform 'MacClient'
[2022.03.29-21.51.09:996][  0]LogTargetPlatformManager: Display: Loaded TargetPlatform 'MacServer'
[2022.03.29-21.51.10:006][  0]LogTargetPlatformManager: Display: Loaded TargetPlatform 'TVOSClient'
[2022.03.29-21.51.10:006][  0]LogTargetPlatformManager: Display: Loaded TargetPlatform 'TVOS'
[2022.03.29-21.51.10:014][  0]LogTargetPlatformManager: Display: Loaded TargetPlatform 'WindowsNoEditor'
[2022.03.29-21.51.10:018][  0]LogTargetPlatformManager: Display: Loaded TargetPlatform 'Windows'
[2022.03.29-21.51.10:022][  0]LogTargetPlatformManager: Display: Loaded TargetPlatform 'WindowsClient'
[2022.03.29-21.51.10:026][  0]LogTargetPlatformManager: Display: Loaded TargetPlatform 'WindowsServer'
[2022.03.29-21.51.10:026][  0]LogTargetPlatformManager: Display: Building Assets For Windows
[2022.03.29-21.51.10:031][  0]LogAudioDebug: Display: Lib vorbis DLL was dynamically loaded.
[2022.03.29-21.51.10:054][  0]LogTextureFormatOodle: Display: Oodle Texture 2.9.0 init RDO Off
[2022.03.29-21.51.10:077][  0]LogRendererCore: Ray tracing is disabled. Reason: r.RayTracing=0.
[2022.03.29-21.51.10:077][  0]LogShaderCompilers: Guid format shader working directory is 10 characters bigger than the processId version (E:/Repositories/gpr300/Project4/Niagara/Intermediate/Shaders/WorkingDirectory/16620/).
[2022.03.29-21.51.10:077][  0]LogShaderCompilers: Cleaned the shader compiler working directory 'C:/Users/Albatoris/AppData/Local/Temp/UnrealShaderWorkingDir/8910D24E41AA6E5FAC00DFAF401CB93E/'.
[2022.03.29-21.51.10:077][  0]LogXGEController: Cannot use XGE Controller as Incredibuild is not installed on this machine.
[2022.03.29-21.51.10:077][  0]LogShaderCompilers: Cannot use XGE Shader Compiler as Incredibuild is not installed on this machine.
[2022.03.29-21.51.10:077][  0]LogShaderCompilers: Display: Using Local Shader Compiler.
[2022.03.29-21.51.10:705][  0]LogDerivedDataCache: Display: Max Cache Size: 512 MB
[2022.03.29-21.51.10:754][  0]LogDerivedDataCache: Loaded boot cache 0.05s 94MB C:/Users/Albatoris/AppData/Local/UnrealEngine/4.27/DerivedDataCache/Boot.ddc.
[2022.03.29-21.51.10:754][  0]LogDerivedDataCache: Display: Loaded Boot cache: C:/Users/Albatoris/AppData/Local/UnrealEngine/4.27/DerivedDataCache/Boot.ddc
[2022.03.29-21.51.10:754][  0]LogDerivedDataCache: FDerivedDataBackendGraph:  Pak pak cache file E:/Repositories/gpr300/Project4/Niagara/DerivedDataCache/DDC.ddp not found, will not use a pak cache.
[2022.03.29-21.51.10:754][  0]LogDerivedDataCache: Unable to find inner node Pak for hierarchical cache Hierarchy.
[2022.03.29-21.51.10:754][  0]LogDerivedDataCache: FDerivedDataBackendGraph:  CompressedPak pak cache file E:/Repositories/gpr300/Project4/Niagara/DerivedDataCache/Compressed.ddp not found, will not use a pak cache.
[2022.03.29-21.51.10:754][  0]LogDerivedDataCache: Unable to find inner node CompressedPak for hierarchical cache Hierarchy.
[2022.03.29-21.51.10:771][  0]LogDerivedDataCache: Display: Pak cache opened for reading ../../../Engine/DerivedDataCache/Compressed.ddp.
[2022.03.29-21.51.10:771][  0]LogDerivedDataCache: FDerivedDataBackendGraph:  EnterprisePak pak cache file ../../../Enterprise/DerivedDataCache/Compressed.ddp not found, will not use a pak cache.
[2022.03.29-21.51.10:771][  0]LogDerivedDataCache: Unable to find inner node EnterprisePak for hierarchical cache Hierarchy.
[2022.03.29-21.51.10:779][  0]LogDerivedDataCache: Speed tests for C:/Users/Albatoris/AppData/Local/UnrealEngine/Common/DerivedDataCache took 0.01 seconds
[2022.03.29-21.51.10:779][  0]LogDerivedDataCache: Display: Performance to C:/Users/Albatoris/AppData/Local/UnrealEngine/Common/DerivedDataCache: Latency=0.02ms. RandomReadSpeed=383.44MBs, RandomWriteSpeed=172.00MBs. Assigned SpeedClass 'Local'
[2022.03.29-21.51.10:779][  0]LogDerivedDataCache: Using Local data cache path C:/Users/Albatoris/AppData/Local/UnrealEngine/Common/DerivedDataCache: Writable
[2022.03.29-21.51.10:779][  0]LogDerivedDataCache: Shared data cache path not found in *engine.ini, will not use an Shared cache.
[2022.03.29-21.51.10:780][  0]LogDerivedDataCache: Unable to find inner node Shared for hierarchical cache Hierarchy.
[2022.03.29-21.51.10:820][  0]LogSlate: Using FreeType 2.10.0
[2022.03.29-21.51.10:820][  0]LogSlate: SlateFontServices - WITH_FREETYPE: 1, WITH_HARFBUZZ: 1
[2022.03.29-21.51.10:839][  0]LogAssetRegistry: FAssetRegistry took 0.0027 seconds to start up
[2022.03.29-21.51.11:100][  0]LogInit: Selected Device Profile: [Windows]
[2022.03.29-21.51.11:100][  0]LogInit: Active device profile: [0000020AF7A44F00][0000020AE9111000 49] Windows
[2022.03.29-21.51.11:100][  0]LogInit: Profiles: [0000020AF7A44F00][0000020AE9111000 49] Windows, [0000020AF7A1A100][0000020AE9119180 49] WindowsNoEditor, [0000020AF7A45F00][0000020AE911D300 49] WindowsServer, [0000020AF7A19200][0000020AF7687480 49] WindowsClient, [0000020AF7A45200][0000020AF768B600 49] IOS, [0000020AF7A1BA00][0000020AF768F780 49] iPadAir, [0000020AF7A47300][0000020AF7693900 49] iPadAir2, [0000020AF79C1300][0000020AF769BBC0 49] IPadPro, [0000020AF79C1400][0000020AF7697C00 49] iPadAir3, [0000020AF7A18B00][0000020AF769E200 49] iPadAir4, [0000020AF79C2100][0000020AF76A2380 49] iPadMini2, [0000020AF7A1B100][0000020AF76A6500 49] iPadMini3, [0000020AF79C2C00][0000020AE9114640 49] iPadMini4, [0000020AF7A1A300][0000020AF76AA780 49] iPadMini5, [0000020AF79E0E00][0000020AF76B29C0 49] iPhone6, [0000020AF79E0F00][0000020AF76AEA00 49] iPodTouch6, [0000020AF7A47700][0000020AF76BECC0 49] iPhone7, [0000020AF7A46800][0000020AF76BAD00 49] iPodTouch7, [0000020AF79C1100][0000020AF76C2E80 49] iPhone5S, [0000020AF7A45100][0000020AF76C7000 49] iPhone6Plus, [0000020AF79C2A00][0000020AF76CB180 49] iPhone6S, [0000020AF7A45A00][0000020AF76CF300 49] iPhone6SPlus, [0000020AF79E0100][0000020AF76D3480 49] iPhone7Plus, [0000020AF79C1D00][0000020AF76D7600 49] iPhoneSE, [0000020AF79E0C00][0000020AF76DB780 49] iPhone8, [0000020AF79C0400][0000020AF76DF900 49] iPhone8Plus, [0000020AF79E2A00][0000020AF76E3A80 49] iPhoneX, [0000020AF79C3C00][0000020AF76E7C00 49] iPhoneXS, [0000020AF79E2900][0000020AF76EA200 49] iPhoneXSMax, [0000020AF79C0B00][0000020AF8700380 49] iPhoneXR, [0000020AF7A47800][0000020AF8704500 49] iPhone11, [0000020AF79C3D00][0000020AF8708680 49] iPhone11Pro, [0000020AF7A45B00][0000020AF76B67C0 49] iPhone11ProMax, [0000020AF79C1500][0000020AF870C900 49] iPhoneSE2, [0000020AF7A45E00][0000020AF8710A40 49] iPhone12Mini, [0000020AF79C3100][0000020AF8714B80 49] iPhone12, [0000020AF7A47400][0000020AF871CD00 49] iPhone12Pro, [0000020AF79C0D00][0000020AF8720E80 49] iPhone12ProMax, [0000020AF7A47C00][0000020AF8725000 49] iPadPro105, [0000020AF79C3700][0000020AF8729180 49] iPadPro129, [0000020AF7A46A00][0000020AF872D300 49] iPadPro97, [0000020AF79C0900][0000020AF8731480 49] iPadPro2_129, [0000020AF7A44800][0000020AF8735600 49] iPad5, [0000020AF79C1000][0000020AF8739780 49] iPad6, [0000020AF7A44400][0000020AF873D900 49] iPad7, [0000020AF79C2B00][0000020AF8741A80 49] iPad8, [0000020AF7A47500][0000020AF8745C00 49] iPadPro11, [0000020AF79C1800][0000020AF8748200 49] iPadPro2_11, [0000020AF7A44900][0000020AF874C380 49] iPadPro3_129, [0000020AF79C2800][0000020AF8750500 49] iPadPro4_129, [0000020AF7A46E00][0000020AF8754680 49] AppleTV, [0000020AF79C3E00][0000020AF8758800 49] AppleTV4K, [0000020AF7A44500][0000020AF8718940 49] TVOS, [0000020AF79C1700][0000020AF875CA80 49] Mac, [0000020AF7A46300][0000020AF8760BC0 49] MacClient, [0000020AF79C0800][0000020AF8764D00 49] MacNoEditor, [0000020AF7A45000][0000020AF876CE80 49] MacServer, [0000020AF79C0500][0000020AF8771000 49] Linux, [0000020AF7A46B00][0000020AF8775180 49] LinuxAArch64, [0000020AF79C1600][0000020AF8779300 49] LinuxNoEditor, [0000020AF7A46100][0000020AF877D480 49] LinuxAArch64NoEditor, [0000020AF79C3900][0000020AF8781600 49] LinuxClient, [0000020AF7A46600][0000020AF8785780 49] LinuxAArch64Client, [0000020AF79C2300][0000020AF8789900 49] LinuxServer, [0000020AF7A44700][0000020AF878DA80 49] LinuxAArch64Server, [0000020AF79C1A00][0000020AF8791C00 49] Android, [0000020AF7A46200][0000020AF8794200 49] Android_Low, [0000020AF79C1C00][0000020AF8798380 49] Android_Mid, [0000020AF7A45300][0000020AF879C500 49] Android_High, [0000020AF79C0E00][0000020AF87A0680 49] Android_Default, [0000020AF7A47600][0000020AF87A4800 49] Android_Adreno4xx, [0000020AF79C0F00][0000020AF87A8980 49] Android_Adreno5xx_Low, [0000020AF7A47B00][0000020AF87ACB00 49] Android_Adreno5xx, [0000020AF79C3A00][0000020AF8768C40 49] Android_Adreno6xx, [0000020AF7A44B00][0000020AF87B0D80 49] Android_Adreno6xx_Vulkan, [0000020AF79C1900][0000020AF87B4EC0 49] Android_Mali_T6xx, [0000020AF7A44A00][0000020AF87BD040 49] Android_Mali_T7xx, [0000020AF7A19100][0000020AF87C11C0 49] Android_Mali_T8xx, [0000020AF79E0500][0000020AF87C5340 49] Android_Mali_G71, [0000020AF7A18600][0000020AF87C94C0 49] Android_Mali_G72, [0000020AF79E0300][0000020AF87CD640 49] Android_Mali_G72_Vulkan, [0000020AF7A1B000][0000020AF87D17C0 49] Android_Mali_G76, [0000020AF79E1000][0000020AF87D5940 49] Android_Mali_G76_Vulkan, [0000020AF7A19D00][0000020AF87D9AC0 49] Android_Mali_G77, [0000020AF79E2F00][0000020AF87DC0C0 49] Android_Mali_G77_Vulkan, [0000020AF7A18E00][0000020AF87E0240 49] Android_Mali_G78, [0000020AF79E3100][0000020AF87E43C0 49] Android_Mali_G78_Vulkan, [0000020AF7A18800][0000020AF87E8540 49] Android_Mali_G710, [0000020AF79E2C00][0000020AF87EC6C0 49] Android_Mali_G710_Vulkan, [0000020AF7A1B300][0000020AF87F0840 49] Android_Vulkan_SM5, [0000020AF79E3500][0000020AF87F49C0 49] Android_PowerVR_G6xxx, [0000020AF7A19600][0000020AF87F8B40 49] Android_PowerVR_GT7xxx, [0000020AF79E1D00][0000020AF87FCCC0 49] Android_PowerVR_GE8xxx, [0000020AF7A1AA00][0000020AF87B8E00 49] Android_PowerVR_GM9xxx, [0000020AF79E0800][0000020AF8800F40 49] Android_PowerVR_GM9xxx_Vulkan, [0000020AF7A1AE00][0000020AF8805080 49] Android_TegraK1, [0000020AF79E1200][0000020AF88091C0 49] Android_Unknown_Vulkan, [0000020AF7A1A000][0000020AF8811340 49] Lumin, [0000020AF79E3700][0000020AF88154C0 49] Lumin_Desktop, [0000020AF7A1A500][0000020AF8819640 49] HoloLens, 
[2022.03.29-21.51.11:236][  0]LogMeshReduction: Using QuadricMeshReduction for automatic static mesh reduction
[2022.03.29-21.51.11:236][  0]LogMeshReduction: Using SimplygonMeshReduction for automatic skeletal mesh reduction
[2022.03.29-21.51.11:236][  0]LogMeshReduction: Using ProxyLODMeshReduction for automatic mesh merging
[2022.03.29-21.51.11:236][  0]LogMeshReduction: No distributed automatic mesh merging module available
[2022.03.29-21.51.11:236][  0]LogMeshMerging: No distributed automatic mesh merging module available
[2022.03.29-21.51.11:255][  0]LogNetVersion: Niagara 1.0.0, NetCL: 17155196, EngineNetVer: 17, GameNetVer: 0 (Checksum: 2714074843)
[2022.03.29-21.51.11:734][  0]LogTexture: Default maximum texture size for cubemaps generated from long-lat sources has been changed from 512 to unlimited. In order to preserve old behaiour for '/Engine/MapTemplates/Sky/DaylightAmbientCubemap.DaylightAmbientCubemap', its maximum texture size has been explicitly set to 512.
[2022.03.29-21.51.11:801][  0]LogHMD: PokeAHoleMaterial loaded successfully
[2022.03.29-21.51.11:809][  0]LogUObjectArray: 17178 objects as part of root set at end of initial load.
[2022.03.29-21.51.11:809][  0]LogUObjectAllocator: 4302048 out of 0 bytes used by permanent object pool.
[2022.03.29-21.51.11:809][  0]LogUObjectArray: CloseDisregardForGC: 0/0 objects in disregard for GC pool
[2022.03.29-21.51.12:114][  0]LogNiagaraDebuggerClient: Niagara Debugger Client Initialized | Session: 6DE3DF784A061E952443C69663BC461F | Instance: 8DD3123E4A32D08ABB7BD59B1E85550A (DESKTOP-KA31P2G-16620).
[2022.03.29-21.51.12:253][  0]LogTcpMessaging: Initializing TcpMessaging bridge
[2022.03.29-21.51.12:273][  0]LogUdpMessaging: Initializing bridge on interface 0.0.0.0:0 to multicast group 230.0.0.1:6666.
[2022.03.29-21.51.12:290][  0]LogPython: Using Python 3.7.7
[2022.03.29-21.51.12:979][  0]SourceControl: Source control is disabled
[2022.03.29-21.51.12:979][  0]SourceControl: Source control is disabled
[2022.03.29-21.51.12:981][  0]SourceControl: Source control is disabled
[2022.03.29-21.51.12:983][  0]SourceControl: Source control is disabled
[2022.03.29-21.51.12:986][  0]SourceControl: Source control is disabled
[2022.03.29-21.51.12:993][  0]LogUProjectInfo: Found projects:
[2022.03.29-21.51.13:125][  0]LogOpenImageDenoise: OIDN starting up
[2022.03.29-21.51.13:133][  0]LogAndroidPermission: UAndroidPermissionCallbackProxy::GetInstance
[2022.03.29-21.51.13:148][  0]LogAudioCaptureCore: Display: No Audio Capture implementations found. Audio input will be silent.
[2022.03.29-21.51.13:148][  0]LogAudioCaptureCore: Display: No Audio Capture implementations found. Audio input will be silent.
[2022.03.29-21.51.13:256][  0]LogCollectionManager: Loaded 0 collections in 0.001536 seconds
[2022.03.29-21.51.13:277][  0]LogFileCache: Scanning file cache for directory 'E:/Repositories/gpr300/Project4/Niagara/Saved/Collections/' took 0.00s
[2022.03.29-21.51.13:277][  0]LogFileCache: Scanning file cache for directory 'E:/Repositories/gpr300/Project4/Niagara/Content/Developers/Albatoris/Collections/' took 0.00s
[2022.03.29-21.51.13:277][  0]LogFileCache: Scanning file cache for directory 'E:/Repositories/gpr300/Project4/Niagara/Content/Collections/' took 0.00s
[2022.03.29-21.51.13:277][  0]LogOcInput: OculusInput pre-init called
[2022.03.29-21.51.13:475][  0]LogEngine: Initializing Engine...
[2022.03.29-21.51.13:516][  0]LogHMD: Failed to enumerate extensions. Please check that you have a valid OpenXR runtime installed.
[2022.03.29-21.51.13:516][  0]LogHMD: Failed to initialize OpenVR with code 110
[2022.03.29-21.51.13:516][  0]LogMagicLeap: Warning: VR disabled because ZI is not enabled.  To enable, in the editor, Edit -> Project Settings -> Plugins -> Magic Leap Plugin -> Enable Zero Iteration
[2022.03.29-21.51.13:517][  0]LogStats: UGameplayTagsManager::InitializeManager -  0.000 s
[2022.03.29-21.51.13:628][  0]LogInit: Initializing FReadOnlyCVARCache
[2022.03.29-21.51.13:634][  0]LogAIModule: Creating AISystem for world Untitled
[2022.03.29-21.51.13:638][  0]LogAudio: Display: Initializing Audio Device Manager...
[2022.03.29-21.51.13:641][  0]LogAudio: Display: Loading Default Audio Settings Objects...
[2022.03.29-21.51.13:641][  0]LogAudio: Display: No default SoundConcurrencyObject specified (or failed to load).
[2022.03.29-21.51.13:641][  0]LogAudio: Display: Audio Device Manager Initialized
[2022.03.29-21.51.13:641][  0]LogAudio: Display: Creating Audio Device:                 Id: 1, Scope: Shared, Realtime: True
[2022.03.29-21.51.13:641][  0]LogAudioMixer: Display: Audio Mixer Platform Settings:
[2022.03.29-21.51.13:641][  0]LogAudioMixer: Display: 	Sample Rate:						  48000
[2022.03.29-21.51.13:642][  0]LogAudioMixer: Display: 	Callback Buffer Frame Size Requested: 1024
[2022.03.29-21.51.13:642][  0]LogAudioMixer: Display: 	Callback Buffer Frame Size To Use:	  1024
[2022.03.29-21.51.13:642][  0]LogAudioMixer: Display: 	Number of buffers to queue:			  2
[2022.03.29-21.51.13:642][  0]LogAudioMixer: Display: 	Max Channels (voices):				  32
[2022.03.29-21.51.13:642][  0]LogAudioMixer: Display: 	Number of Async Source Workers:		  0
[2022.03.29-21.51.13:642][  0]LogAudio: Display: AudioDevice MaxSources: 32
[2022.03.29-21.51.13:642][  0]LogAudio: Display: Audio Spatialization Plugin: None (built-in).
[2022.03.29-21.51.13:642][  0]LogAudio: Display: Audio Reverb Plugin: None (built-in).
[2022.03.29-21.51.13:642][  0]LogAudio: Display: Audio Occlusion Plugin: None (built-in).
[2022.03.29-21.51.13:642][  0]LogAudioMixer: Display: Initializing audio mixer.
[2022.03.29-21.51.13:651][  0]LogAudioMixer: Display: 0: FrontLeft
[2022.03.29-21.51.13:651][  0]LogAudioMixer: Display: 1: FrontRight
[2022.03.29-21.51.13:670][  0]LogAudioMixer: Display: Using Audio Device Speakers (Realtek(R) Audio)
[2022.03.29-21.51.13:672][  0]LogAudioMixer: Display: Initializing Sound Submixes...
[2022.03.29-21.51.13:674][  0]LogAudioMixer: Display: Creating Master Submix 'MasterSubmixDefault'
[2022.03.29-21.51.13:674][  0]LogAudioMixer: Display: Creating Master Submix 'MasterReverbSubmixDefault'
[2022.03.29-21.51.13:675][  0]LogAudioMixer: Display: Creating Master Submix 'MasterEQSubmixDefault'
[2022.03.29-21.51.13:675][  0]LogAudioMixer: FMixerPlatformXAudio2::StartAudioStream() called
[2022.03.29-21.51.13:675][  0]LogAudioMixer: Display: Output buffers initialized: Frames=1024, Channels=2, Samples=2048
[2022.03.29-21.51.13:676][  0]LogAudioMixer: Display: Starting AudioMixerPlatformInterface::RunInternal()
[2022.03.29-21.51.13:676][  0]LogAudioMixer: Display: FMixerPlatformXAudio2::SubmitBuffer() called for the first time
[2022.03.29-21.51.13:676][  0]LogInit: FAudioDevice initialized.
[2022.03.29-21.51.13:676][  0]LogAudio: Display: Audio Device (ID: 1) registered with world 'Untitled'.
[2022.03.29-21.51.13:676][  0]LogNetVersion: Set ProjectVersion to 1.0.0.0. Version Checksum will be recalculated on next use.
[2022.03.29-21.51.13:753][  0]LogDerivedDataCache: Saved boot cache 0.08s 94MB C:/Users/Albatoris/AppData/Local/UnrealEngine/4.27/DerivedDataCache/Boot.ddc.
[2022.03.29-21.51.13:753][  0]LogInit: Texture streaming: Enabled
[2022.03.29-21.51.13:764][  0]LogAnalytics: Display: [UEEditor.Rocket.Release] APIServer = https://datarouter.ol.epicgames.com/. AppVersion = 4.27.2-18319896+++UE4+Release-4.27
[2022.03.29-21.51.13:767][  0]LogEngineSessionManager: EngineSessionManager initialized
[2022.03.29-21.51.13:767][  0]LogEditorSessionSummary: Verbose: Initializing EditorSessionSummaryWriter for editor session tracking
[2022.03.29-21.51.13:768][  0]LogEditorSessionSummary: EditorSessionSummaryWriter initialized
[2022.03.29-21.51.13:781][  0]LogInit: Transaction tracking system initialized
[2022.03.29-21.51.13:796][  0]BlueprintLog: New page: Editor Load
[2022.03.29-21.51.13:854][  0]LocalizationService: Localization service is disabled
[2022.03.29-21.51.13:871][  0]TimingProfiler: Initialize
[2022.03.29-21.51.13:871][  0]TimingProfiler: OnSessionChanged
[2022.03.29-21.51.13:871][  0]LoadingProfiler: Initialize
[2022.03.29-21.51.13:871][  0]LoadingProfiler: OnSessionChanged
[2022.03.29-21.51.13:871][  0]NetworkingProfiler: Initialize
[2022.03.29-21.51.13:871][  0]NetworkingProfiler: OnSessionChanged
[2022.03.29-21.51.13:871][  0]MemoryProfiler: Initialize
[2022.03.29-21.51.13:871][  0]MemoryProfiler: OnSessionChanged
[2022.03.29-21.51.14:018][  0]LogCook: Display: CookSettings for Memory: MemoryMaxUsedVirtual 0MiB, MemoryMaxUsedPhysical 16384MiB, MemoryMinFreeVirtual 0MiB, MemoryMinFreePhysical 1024MiB
[2022.03.29-21.51.14:018][  0]LogCook: Display: Mobile HDR setting 1
[2022.03.29-21.51.14:169][  0]LogFileCache: Scanning file cache for directory 'E:/Repositories/gpr300/Project4/Niagara/Content/' took 0.00s
[2022.03.29-21.51.14:305][  0]LogInit: Display: Engine is initialized. Leaving FEngineLoop::Init()
[2022.03.29-21.51.14:309][  0]SourceControl: Source control is disabled
[2022.03.29-21.51.14:309][  0]LogUnrealEdMisc: Loading editor; pre map load, took 5.936
[2022.03.29-21.51.14:309][  0]Cmd: MAP LOAD FILE="../../../Engine/Content/Maps/Templates/Template_Default.umap" TEMPLATE=1 SHOWPROGRESS=1 FEATURELEVEL=3
[2022.03.29-21.51.14:309][  0]LightingResults: New page: Lighting Build
[2022.03.29-21.51.14:310][  0]LogWorld: UWorld::CleanupWorld for Untitled, bSessionEnded=true, bCleanupResources=true
[2022.03.29-21.51.14:310][  0]LogSlate: InvalidateAllWidgets triggered.  All widgets were invalidated
[2022.03.29-21.51.14:310][  0]MapCheck: New page: Map Check
[2022.03.29-21.51.14:310][  0]LightingResults: New page: Lighting Build
[2022.03.29-21.51.14:314][  0]LogAudio: Display: Audio Device unregistered from world 'None'.
[2022.03.29-21.51.14:316][  0]LogUObjectHash: Compacting FUObjectHashTables data took   0.78ms
[2022.03.29-21.51.14:364][  0]LogTexture: Display: Building textures: DeprecatedTextureEB9CBE3C423008B5E8E130901E171C89 (BGRA8, 128X128)
[2022.03.29-21.51.14:367][  0]LogAudio: Display: Audio Device (ID: 1) registered with world 'Untitled_1'.
[2022.03.29-21.51.14:367][  0]LogAIModule: Creating AISystem for world Untitled_1
[2022.03.29-21.51.14:370][  0]LogEditorServer: Finished looking for orphan Actors (0.000 secs)
[2022.03.29-21.51.14:375][  0]LogUObjectHash: Compacting FUObjectHashTables data took   1.01ms
[2022.03.29-21.51.14:375][  0]Cmd: MAP CHECKDEP NOCLEARLOG
[2022.03.29-21.51.14:375][  0]MapCheck: Map check complete: 0 Error(s), 0 Warning(s), took 0.132ms to complete.
[2022.03.29-21.51.14:375][  0]LogFileHelpers: Loading map 'Template_Default' took 0.066
[2022.03.29-21.51.14:377][  0]LogUnrealEdMisc: Total Editor Startup Time, took 6.004
[2022.03.29-21.51.14:517][  0]LogSlate: Updating window title bar state: overlay mode, drag disabled, window buttons hidden, title bar hidden
[2022.03.29-21.51.14:522][  0]LogSlate: Updating window title bar state: overlay mode, drag disabled, window buttons hidden, title bar hidden
[2022.03.29-21.51.14:527][  0]LogSlate: Updating window title bar state: overlay mode, drag disabled, window buttons hidden, title bar hidden
[2022.03.29-21.51.14:532][  0]LogSlate: Updating window title bar state: overlay mode, drag disabled, window buttons hidden, title bar hidden
[2022.03.29-21.51.14:558][  0]LogNativeClassHierarchy: Verbose: Native class hierarchy populated in 0.0091 seconds. Added 3822 classes and 928 folders.
[2022.03.29-21.51.14:564][  0]LogNativeClassHierarchy: Verbose: Native class hierarchy updated for 'WidgetCarousel' in 0.0002 seconds. Added 0 classes and 0 folders.
[2022.03.29-21.51.14:565][  0]LogPakFile: PakFile PrimaryIndexSize=187
[2022.03.29-21.51.14:565][  0]LogPakFile: PakFile PathHashIndexSize=101
[2022.03.29-21.51.14:565][  0]LogPakFile: PakFile FullDirectoryIndexSize=148
[2022.03.29-21.51.14:565][  0]LogShaderLibrary: Display: ShaderCodeLibraryPakFileMountedCallback: PakFile 'C:/Program Files/Epic Games/UE_4.27/FeaturePacks/FP_FirstPerson.upack' (chunk index -1, root 'root:/') mounted
[2022.03.29-21.51.14:565][  0]LogShaderLibrary: Display: ShaderCodeLibraryPakFileMountedCallback: pending pak file info (ChunkID:-1 Root:root:/ File:C:/Program Files/Epic Games/UE_4.27/FeaturePacks/FP_FirstPerson.upack)
[2022.03.29-21.51.14:565][  0]LogPakFile: OnPakFileMounted2Time == 0.000044
[2022.03.29-21.51.14:566][  0]LogPakFile: PakFile PrimaryIndexSize=189
[2022.03.29-21.51.14:566][  0]LogPakFile: PakFile PathHashIndexSize=101
[2022.03.29-21.51.14:566][  0]LogPakFile: PakFile FullDirectoryIndexSize=152
[2022.03.29-21.51.14:566][  0]LogShaderLibrary: Display: ShaderCodeLibraryPakFileMountedCallback: PakFile 'C:/Program Files/Epic Games/UE_4.27/FeaturePacks/FP_FirstPersonBP.upack' (chunk index -1, root 'root:/') mounted
[2022.03.29-21.51.14:566][  0]LogShaderLibrary: Display: ShaderCodeLibraryPakFileMountedCallback: pending pak file info (ChunkID:-1 Root:root:/ File:C:/Program Files/Epic Games/UE_4.27/FeaturePacks/FP_FirstPersonBP.upack)
[2022.03.29-21.51.14:566][  0]LogPakFile: OnPakFileMounted2Time == 0.000031
[2022.03.29-21.51.14:566][  0]LogPakFile: PakFile PrimaryIndexSize=191
[2022.03.29-21.51.14:566][  0]LogPakFile: PakFile PathHashIndexSize=101
[2022.03.29-21.51.14:566][  0]LogPakFile: PakFile FullDirectoryIndexSize=160
[2022.03.29-21.51.14:566][  0]LogShaderLibrary: Display: ShaderCodeLibraryPakFileMountedCallback: PakFile 'C:/Program Files/Epic Games/UE_4.27/FeaturePacks/MobileStarterContent.upack' (chunk index -1, root 'root:/') mounted
[2022.03.29-21.51.14:566][  0]LogShaderLibrary: Display: ShaderCodeLibraryPakFileMountedCallback: pending pak file info (ChunkID:-1 Root:root:/ File:C:/Program Files/Epic Games/UE_4.27/FeaturePacks/MobileStarterContent.upack)
[2022.03.29-21.51.14:566][  0]LogPakFile: OnPakFileMounted2Time == 0.000028
[2022.03.29-21.51.14:567][  0]LogPakFile: PakFile PrimaryIndexSize=185
[2022.03.29-21.51.14:567][  0]LogPakFile: PakFile PathHashIndexSize=101
[2022.03.29-21.51.14:567][  0]LogPakFile: PakFile FullDirectoryIndexSize=148
[2022.03.29-21.51.14:567][  0]LogShaderLibrary: Display: ShaderCodeLibraryPakFileMountedCallback: PakFile 'C:/Program Files/Epic Games/UE_4.27/FeaturePacks/StarterContent.upack' (chunk index -1, root 'root:/') mounted
[2022.03.29-21.51.14:567][  0]LogShaderLibrary: Display: ShaderCodeLibraryPakFileMountedCallback: pending pak file info (ChunkID:-1 Root:root:/ File:C:/Program Files/Epic Games/UE_4.27/FeaturePacks/StarterContent.upack)
[2022.03.29-21.51.14:567][  0]LogPakFile: OnPakFileMounted2Time == 0.000031
[2022.03.29-21.51.14:567][  0]LogPakFile: PakFile PrimaryIndexSize=190
[2022.03.29-21.51.14:567][  0]LogPakFile: PakFile PathHashIndexSize=101
[2022.03.29-21.51.14:567][  0]LogPakFile: PakFile FullDirectoryIndexSize=154
[2022.03.29-21.51.14:567][  0]LogShaderLibrary: Display: ShaderCodeLibraryPakFileMountedCallback: PakFile 'C:/Program Files/Epic Games/UE_4.27/FeaturePacks/TP_2DSideScroller.upack' (chunk index -1, root 'root:/') mounted
[2022.03.29-21.51.14:567][  0]LogShaderLibrary: Display: ShaderCodeLibraryPakFileMountedCallback: pending pak file info (ChunkID:-1 Root:root:/ File:C:/Program Files/Epic Games/UE_4.27/FeaturePacks/TP_2DSideScroller.upack)
[2022.03.29-21.51.14:567][  0]LogPakFile: OnPakFileMounted2Time == 0.000027
[2022.03.29-21.51.14:568][  0]LogPakFile: PakFile PrimaryIndexSize=192
[2022.03.29-21.51.14:568][  0]LogPakFile: PakFile PathHashIndexSize=101
[2022.03.29-21.51.14:568][  0]LogPakFile: PakFile FullDirectoryIndexSize=158
[2022.03.29-21.51.14:568][  0]LogShaderLibrary: Display: ShaderCodeLibraryPakFileMountedCallback: PakFile 'C:/Program Files/Epic Games/UE_4.27/FeaturePacks/TP_2DSideScrollerBP.upack' (chunk index -1, root 'root:/') mounted
[2022.03.29-21.51.14:568][  0]LogShaderLibrary: Display: ShaderCodeLibraryPakFileMountedCallback: pending pak file info (ChunkID:-1 Root:root:/ File:C:/Program Files/Epic Games/UE_4.27/FeaturePacks/TP_2DSideScrollerBP.upack)
[2022.03.29-21.51.14:568][  0]LogPakFile: OnPakFileMounted2Time == 0.000030
[2022.03.29-21.51.14:568][  0]LogPakFile: PakFile PrimaryIndexSize=182
[2022.03.29-21.51.14:568][  0]LogPakFile: PakFile PathHashIndexSize=101
[2022.03.29-21.51.14:568][  0]LogPakFile: PakFile FullDirectoryIndexSize=138
[2022.03.29-21.51.14:568][  0]LogShaderLibrary: Display: ShaderCodeLibraryPakFileMountedCallback: PakFile 'C:/Program Files/Epic Games/UE_4.27/FeaturePacks/TP_Flying.upack' (chunk index -1, root 'root:/') mounted
[2022.03.29-21.51.14:568][  0]LogShaderLibrary: Display: ShaderCodeLibraryPakFileMountedCallback: pending pak file info (ChunkID:-1 Root:root:/ File:C:/Program Files/Epic Games/UE_4.27/FeaturePacks/TP_Flying.upack)
[2022.03.29-21.51.14:568][  0]LogPakFile: OnPakFileMounted2Time == 0.000028
[2022.03.29-21.51.14:569][  0]LogPakFile: PakFile PrimaryIndexSize=184
[2022.03.29-21.51.14:569][  0]LogPakFile: PakFile PathHashIndexSize=101
[2022.03.29-21.51.14:569][  0]LogPakFile: PakFile FullDirectoryIndexSize=142
[2022.03.29-21.51.14:569][  0]LogShaderLibrary: Display: ShaderCodeLibraryPakFileMountedCallback: PakFile 'C:/Program Files/Epic Games/UE_4.27/FeaturePacks/TP_FlyingBP.upack' (chunk index -1, root 'root:/') mounted
[2022.03.29-21.51.14:569][  0]LogShaderLibrary: Display: ShaderCodeLibraryPakFileMountedCallback: pending pak file info (ChunkID:-1 Root:root:/ File:C:/Program Files/Epic Games/UE_4.27/FeaturePacks/TP_FlyingBP.upack)
[2022.03.29-21.51.14:569][  0]LogPakFile: OnPakFileMounted2Time == 0.000028
[2022.03.29-21.51.14:570][  0]LogPakFile: PakFile PrimaryIndexSize=188
[2022.03.29-21.51.14:570][  0]LogPakFile: PakFile PathHashIndexSize=101
[2022.03.29-21.51.14:570][  0]LogPakFile: PakFile FullDirectoryIndexSize=150
[2022.03.29-21.51.14:570][  0]LogShaderLibrary: Display: ShaderCodeLibraryPakFileMountedCallback: PakFile 'C:/Program Files/Epic Games/UE_4.27/FeaturePacks/TP_HandheldARBP.upack' (chunk index -1, root 'root:/') mounted
[2022.03.29-21.51.14:570][  0]LogShaderLibrary: Display: ShaderCodeLibraryPakFileMountedCallback: pending pak file info (ChunkID:-1 Root:root:/ File:C:/Program Files/Epic Games/UE_4.27/FeaturePacks/TP_HandheldARBP.upack)
[2022.03.29-21.51.14:570][  0]LogPakFile: OnPakFileMounted2Time == 0.000029
[2022.03.29-21.51.14:570][  0]LogPakFile: PakFile PrimaryIndexSize=182
[2022.03.29-21.51.14:570][  0]LogPakFile: PakFile PathHashIndexSize=101
[2022.03.29-21.51.14:570][  0]LogPakFile: PakFile FullDirectoryIndexSize=138
[2022.03.29-21.51.14:570][  0]LogShaderLibrary: Display: ShaderCodeLibraryPakFileMountedCallback: PakFile 'C:/Program Files/Epic Games/UE_4.27/FeaturePacks/TP_Puzzle.upack' (chunk index -1, root 'root:/') mounted
[2022.03.29-21.51.14:570][  0]LogShaderLibrary: Display: ShaderCodeLibraryPakFileMountedCallback: pending pak file info (ChunkID:-1 Root:root:/ File:C:/Program Files/Epic Games/UE_4.27/FeaturePacks/TP_Puzzle.upack)
[2022.03.29-21.51.14:570][  0]LogPakFile: OnPakFileMounted2Time == 0.000027
[2022.03.29-21.51.14:571][  0]LogPakFile: PakFile PrimaryIndexSize=184
[2022.03.29-21.51.14:571][  0]LogPakFile: PakFile PathHashIndexSize=101
[2022.03.29-21.51.14:571][  0]LogPakFile: PakFile FullDirectoryIndexSize=142
[2022.03.29-21.51.14:571][  0]LogShaderLibrary: Display: ShaderCodeLibraryPakFileMountedCallback: PakFile 'C:/Program Files/Epic Games/UE_4.27/FeaturePacks/TP_PuzzleBP.upack' (chunk index -1, root 'root:/') mounted
[2022.03.29-21.51.14:571][  0]LogShaderLibrary: Display: ShaderCodeLibraryPakFileMountedCallback: pending pak file info (ChunkID:-1 Root:root:/ File:C:/Program Files/Epic Games/UE_4.27/FeaturePacks/TP_PuzzleBP.upack)
[2022.03.29-21.51.14:571][  0]LogPakFile: OnPakFileMounted2Time == 0.000027
[2022.03.29-21.51.14:571][  0]LogPakFile: PakFile PrimaryIndexSize=183
[2022.03.29-21.51.14:571][  0]LogPakFile: PakFile PathHashIndexSize=101
[2022.03.29-21.51.14:571][  0]LogPakFile: PakFile FullDirectoryIndexSize=140
[2022.03.29-21.51.14:571][  0]LogShaderLibrary: Display: ShaderCodeLibraryPakFileMountedCallback: PakFile 'C:/Program Files/Epic Games/UE_4.27/FeaturePacks/TP_Rolling.upack' (chunk index -1, root 'root:/') mounted
[2022.03.29-21.51.14:571][  0]LogShaderLibrary: Display: ShaderCodeLibraryPakFileMountedCallback: pending pak file info (ChunkID:-1 Root:root:/ File:C:/Program Files/Epic Games/UE_4.27/FeaturePacks/TP_Rolling.upack)
[2022.03.29-21.51.14:571][  0]LogPakFile: OnPakFileMounted2Time == 0.000027
[2022.03.29-21.51.14:572][  0]LogPakFile: PakFile PrimaryIndexSize=185
[2022.03.29-21.51.14:572][  0]LogPakFile: PakFile PathHashIndexSize=101
[2022.03.29-21.51.14:572][  0]LogPakFile: PakFile FullDirectoryIndexSize=144
[2022.03.29-21.51.14:572][  0]LogShaderLibrary: Display: ShaderCodeLibraryPakFileMountedCallback: PakFile 'C:/Program Files/Epic Games/UE_4.27/FeaturePacks/TP_RollingBP.upack' (chunk index -1, root 'root:/') mounted
[2022.03.29-21.51.14:572][  0]LogShaderLibrary: Display: ShaderCodeLibraryPakFileMountedCallback: pending pak file info (ChunkID:-1 Root:root:/ File:C:/Program Files/Epic Games/UE_4.27/FeaturePacks/TP_RollingBP.upack)
[2022.03.29-21.51.14:572][  0]LogPakFile: OnPakFileMounted2Time == 0.000027
[2022.03.29-21.51.14:572][  0]LogPakFile: PakFile PrimaryIndexSize=188
[2022.03.29-21.51.14:572][  0]LogPakFile: PakFile PathHashIndexSize=101
[2022.03.29-21.51.14:573][  0]LogPakFile: PakFile FullDirectoryIndexSize=150
[2022.03.29-21.51.14:573][  0]LogShaderLibrary: Display: ShaderCodeLibraryPakFileMountedCallback: PakFile 'C:/Program Files/Epic Games/UE_4.27/FeaturePacks/TP_SideScroller.upack' (chunk index -1, root 'root:/') mounted
[2022.03.29-21.51.14:573][  0]LogShaderLibrary: Display: ShaderCodeLibraryPakFileMountedCallback: pending pak file info (ChunkID:-1 Root:root:/ File:C:/Program Files/Epic Games/UE_4.27/FeaturePacks/TP_SideScroller.upack)
[2022.03.29-21.51.14:573][  0]LogPakFile: OnPakFileMounted2Time == 0.000027
[2022.03.29-21.51.14:573][  0]LogPakFile: PakFile PrimaryIndexSize=190
[2022.03.29-21.51.14:573][  0]LogPakFile: PakFile PathHashIndexSize=101
[2022.03.29-21.51.14:573][  0]LogPakFile: PakFile FullDirectoryIndexSize=154
[2022.03.29-21.51.14:573][  0]LogShaderLibrary: Display: ShaderCodeLibraryPakFileMountedCallback: PakFile 'C:/Program Files/Epic Games/UE_4.27/FeaturePacks/TP_SideScrollerBP.upack' (chunk index -1, root 'root:/') mounted
[2022.03.29-21.51.14:573][  0]LogShaderLibrary: Display: ShaderCodeLibraryPakFileMountedCallback: pending pak file info (ChunkID:-1 Root:root:/ File:C:/Program Files/Epic Games/UE_4.27/FeaturePacks/TP_SideScrollerBP.upack)
[2022.03.29-21.51.14:573][  0]LogPakFile: OnPakFileMounted2Time == 0.000029
[2022.03.29-21.51.14:574][  0]LogPakFile: PakFile PrimaryIndexSize=187
[2022.03.29-21.51.14:574][  0]LogPakFile: PakFile PathHashIndexSize=101
[2022.03.29-21.51.14:574][  0]LogPakFile: PakFile FullDirectoryIndexSize=148
[2022.03.29-21.51.14:574][  0]LogShaderLibrary: Display: ShaderCodeLibraryPakFileMountedCallback: PakFile 'C:/Program Files/Epic Games/UE_4.27/FeaturePacks/TP_ThirdPerson.upack' (chunk index -1, root 'root:/') mounted
[2022.03.29-21.51.14:574][  0]LogShaderLibrary: Display: ShaderCodeLibraryPakFileMountedCallback: pending pak file info (ChunkID:-1 Root:root:/ File:C:/Program Files/Epic Games/UE_4.27/FeaturePacks/TP_ThirdPerson.upack)
[2022.03.29-21.51.14:574][  0]LogPakFile: OnPakFileMounted2Time == 0.000029
[2022.03.29-21.51.14:574][  0]LogPakFile: PakFile PrimaryIndexSize=189
[2022.03.29-21.51.14:574][  0]LogPakFile: PakFile PathHashIndexSize=101
[2022.03.29-21.51.14:574][  0]LogPakFile: PakFile FullDirectoryIndexSize=152
[2022.03.29-21.51.14:574][  0]LogShaderLibrary: Display: ShaderCodeLibraryPakFileMountedCallback: PakFile 'C:/Program Files/Epic Games/UE_4.27/FeaturePacks/TP_ThirdPersonBP.upack' (chunk index -1, root 'root:/') mounted
[2022.03.29-21.51.14:574][  0]LogShaderLibrary: Display: ShaderCodeLibraryPakFileMountedCallback: pending pak file info (ChunkID:-1 Root:root:/ File:C:/Program Files/Epic Games/UE_4.27/FeaturePacks/TP_ThirdPersonBP.upack)
[2022.03.29-21.51.14:574][  0]LogPakFile: OnPakFileMounted2Time == 0.000027
[2022.03.29-21.51.14:575][  0]LogPakFile: PakFile PrimaryIndexSize=183
[2022.03.29-21.51.14:575][  0]LogPakFile: PakFile PathHashIndexSize=101
[2022.03.29-21.51.14:575][  0]LogPakFile: PakFile FullDirectoryIndexSize=140
[2022.03.29-21.51.14:575][  0]LogShaderLibrary: Display: ShaderCodeLibraryPakFileMountedCallback: PakFile 'C:/Program Files/Epic Games/UE_4.27/FeaturePacks/TP_TopDown.upack' (chunk index -1, root 'root:/') mounted
[2022.03.29-21.51.14:575][  0]LogShaderLibrary: Display: ShaderCodeLibraryPakFileMountedCallback: pending pak file info (ChunkID:-1 Root:root:/ File:C:/Program Files/Epic Games/UE_4.27/FeaturePacks/TP_TopDown.upack)
[2022.03.29-21.51.14:575][  0]LogPakFile: OnPakFileMounted2Time == 0.000033
[2022.03.29-21.51.14:575][  0]LogPakFile: PakFile PrimaryIndexSize=185
[2022.03.29-21.51.14:575][  0]LogPakFile: PakFile PathHashIndexSize=101
[2022.03.29-21.51.14:575][  0]LogPakFile: PakFile FullDirectoryIndexSize=144
[2022.03.29-21.51.14:575][  0]LogShaderLibrary: Display: ShaderCodeLibraryPakFileMountedCallback: PakFile 'C:/Program Files/Epic Games/UE_4.27/FeaturePacks/TP_TopDownBP.upack' (chunk index -1, root 'root:/') mounted
[2022.03.29-21.51.14:575][  0]LogShaderLibrary: Display: ShaderCodeLibraryPakFileMountedCallback: pending pak file info (ChunkID:-1 Root:root:/ File:C:/Program Files/Epic Games/UE_4.27/FeaturePacks/TP_TopDownBP.upack)
[2022.03.29-21.51.14:575][  0]LogPakFile: OnPakFileMounted2Time == 0.000030
[2022.03.29-21.51.14:576][  0]LogPakFile: PakFile PrimaryIndexSize=185
[2022.03.29-21.51.14:576][  0]LogPakFile: PakFile PathHashIndexSize=101
[2022.03.29-21.51.14:576][  0]LogPakFile: PakFile FullDirectoryIndexSize=144
[2022.03.29-21.51.14:576][  0]LogShaderLibrary: Display: ShaderCodeLibraryPakFileMountedCallback: PakFile 'C:/Program Files/Epic Games/UE_4.27/FeaturePacks/TP_TwinStick.upack' (chunk index -1, root 'root:/') mounted
[2022.03.29-21.51.14:576][  0]LogShaderLibrary: Display: ShaderCodeLibraryPakFileMountedCallback: pending pak file info (ChunkID:-1 Root:root:/ File:C:/Program Files/Epic Games/UE_4.27/FeaturePacks/TP_TwinStick.upack)
[2022.03.29-21.51.14:576][  0]LogPakFile: OnPakFileMounted2Time == 0.000027
[2022.03.29-21.51.14:576][  0]LogPakFile: PakFile PrimaryIndexSize=187
[2022.03.29-21.51.14:576][  0]LogPakFile: PakFile PathHashIndexSize=101
[2022.03.29-21.51.14:576][  0]LogPakFile: PakFile FullDirectoryIndexSize=148
[2022.03.29-21.51.14:576][  0]LogShaderLibrary: Display: ShaderCodeLibraryPakFileMountedCallback: PakFile 'C:/Program Files/Epic Games/UE_4.27/FeaturePacks/TP_TwinStickBP.upack' (chunk index -1, root 'root:/') mounted
[2022.03.29-21.51.14:576][  0]LogShaderLibrary: Display: ShaderCodeLibraryPakFileMountedCallback: pending pak file info (ChunkID:-1 Root:root:/ File:C:/Program Files/Epic Games/UE_4.27/FeaturePacks/TP_TwinStickBP.upack)
[2022.03.29-21.51.14:577][  0]LogPakFile: OnPakFileMounted2Time == 0.000033
[2022.03.29-21.51.14:577][  0]LogPakFile: PakFile PrimaryIndexSize=183
[2022.03.29-21.51.14:577][  0]LogPakFile: PakFile PathHashIndexSize=101
[2022.03.29-21.51.14:577][  0]LogPakFile: PakFile FullDirectoryIndexSize=140
[2022.03.29-21.51.14:577][  0]LogShaderLibrary: Display: ShaderCodeLibraryPakFileMountedCallback: PakFile 'C:/Program Files/Epic Games/UE_4.27/FeaturePacks/TP_Vehicle.upack' (chunk index -1, root 'root:/') mounted
[2022.03.29-21.51.14:577][  0]LogShaderLibrary: Display: ShaderCodeLibraryPakFileMountedCallback: pending pak file info (ChunkID:-1 Root:root:/ File:C:/Program Files/Epic Games/UE_4.27/FeaturePacks/TP_Vehicle.upack)
[2022.03.29-21.51.14:577][  0]LogPakFile: OnPakFileMounted2Time == 0.000027
[2022.03.29-21.51.14:578][  0]LogPakFile: PakFile PrimaryIndexSize=186
[2022.03.29-21.51.14:578][  0]LogPakFile: PakFile PathHashIndexSize=101
[2022.03.29-21.51.14:578][  0]LogPakFile: PakFile FullDirectoryIndexSize=146
[2022.03.29-21.51.14:578][  0]LogShaderLibrary: Display: ShaderCodeLibraryPakFileMountedCallback: PakFile 'C:/Program Files/Epic Games/UE_4.27/FeaturePacks/TP_VehicleAdv.upack' (chunk index -1, root 'root:/') mounted
[2022.03.29-21.51.14:578][  0]LogShaderLibrary: Display: ShaderCodeLibraryPakFileMountedCallback: pending pak file info (ChunkID:-1 Root:root:/ File:C:/Program Files/Epic Games/UE_4.27/FeaturePacks/TP_VehicleAdv.upack)
[2022.03.29-21.51.14:578][  0]LogPakFile: OnPakFileMounted2Time == 0.000032
[2022.03.29-21.51.14:578][  0]LogPakFile: PakFile PrimaryIndexSize=188
[2022.03.29-21.51.14:578][  0]LogPakFile: PakFile PathHashIndexSize=101
[2022.03.29-21.51.14:578][  0]LogPakFile: PakFile FullDirectoryIndexSize=150
[2022.03.29-21.51.14:578][  0]LogShaderLibrary: Display: ShaderCodeLibraryPakFileMountedCallback: PakFile 'C:/Program Files/Epic Games/UE_4.27/FeaturePacks/TP_VehicleAdvBP.upack' (chunk index -1, root 'root:/') mounted
[2022.03.29-21.51.14:578][  0]LogShaderLibrary: Display: ShaderCodeLibraryPakFileMountedCallback: pending pak file info (ChunkID:-1 Root:root:/ File:C:/Program Files/Epic Games/UE_4.27/FeaturePacks/TP_VehicleAdvBP.upack)
[2022.03.29-21.51.14:578][  0]LogPakFile: OnPakFileMounted2Time == 0.000027
[2022.03.29-21.51.14:579][  0]LogPakFile: PakFile PrimaryIndexSize=185
[2022.03.29-21.51.14:579][  0]LogPakFile: PakFile PathHashIndexSize=101
[2022.03.29-21.51.14:579][  0]LogPakFile: PakFile FullDirectoryIndexSize=144
[2022.03.29-21.51.14:579][  0]LogShaderLibrary: Display: ShaderCodeLibraryPakFileMountedCallback: PakFile 'C:/Program Files/Epic Games/UE_4.27/FeaturePacks/TP_VehicleBP.upack' (chunk index -1, root 'root:/') mounted
[2022.03.29-21.51.14:579][  0]LogShaderLibrary: Display: ShaderCodeLibraryPakFileMountedCallback: pending pak file info (ChunkID:-1 Root:root:/ File:C:/Program Files/Epic Games/UE_4.27/FeaturePacks/TP_VehicleBP.upack)
[2022.03.29-21.51.14:579][  0]LogPakFile: OnPakFileMounted2Time == 0.000027
[2022.03.29-21.51.14:579][  0]LogPakFile: PakFile PrimaryIndexSize=192
[2022.03.29-21.51.14:579][  0]LogPakFile: PakFile PathHashIndexSize=101
[2022.03.29-21.51.14:579][  0]LogPakFile: PakFile FullDirectoryIndexSize=158
[2022.03.29-21.51.14:579][  0]LogShaderLibrary: Display: ShaderCodeLibraryPakFileMountedCallback: PakFile 'C:/Program Files/Epic Games/UE_4.27/FeaturePacks/TP_VirtualRealityBP.upack' (chunk index -1, root 'root:/') mounted
[2022.03.29-21.51.14:579][  0]LogShaderLibrary: Display: ShaderCodeLibraryPakFileMountedCallback: pending pak file info (ChunkID:-1 Root:root:/ File:C:/Program Files/Epic Games/UE_4.27/FeaturePacks/TP_VirtualRealityBP.upack)
[2022.03.29-21.51.14:579][  0]LogPakFile: OnPakFileMounted2Time == 0.000027
[2022.03.29-21.51.14:613][  0]LogNativeClassHierarchy: Verbose: Native class hierarchy updated for 'AddContentDialog' in 0.0002 seconds. Added 0 classes and 0 folders.
[2022.03.29-21.51.14:617][  0]LogNativeClassHierarchy: Verbose: Native class hierarchy updated for 'SceneOutliner' in 0.0001 seconds. Added 2 classes and 0 folders.
[2022.03.29-21.51.14:675][  0]LogSlate: Took 0.000162 seconds to synchronously load lazily loaded font '../../../Engine/Content/Slate/Fonts/Roboto-Regular.ttf' (155K)
[2022.03.29-21.51.14:680][  0]LogSlate: Took 0.004208 seconds to synchronously load lazily loaded font '../../../Engine/Content/Editor/Slate/Fonts/FontAwesome.ttf' (139K)
[2022.03.29-21.51.14:682][  0]LogSlate: Took 0.000123 seconds to synchronously load lazily loaded font '../../../Engine/Content/Slate/Fonts/Roboto-Bold.ttf' (160K)
[2022.03.29-21.51.14:753][  0]LogRenderer: Reallocating scene render targets to support 1376x572 Format 10 NumSamples 1 (Frame:1).
[2022.03.29-21.51.14:833][  0]LogNativeClassHierarchy: Verbose: Native class hierarchy updated for 'HierarchicalLODOutliner' in 0.0003 seconds. Added 0 classes and 0 folders.
[2022.03.29-21.51.14:833][  0]LogLoad: (Engine Initialization) Total time: 6.46 seconds
[2022.03.29-21.51.14:833][  0]LogLoad: (Engine Initialization) Total Blueprint compile time: 0.00 seconds
[2022.03.29-21.51.14:881][  0]LogAssetRegistry: Asset discovery search completed in 4.0429 seconds
[2022.03.29-21.51.14:886][  0]LogCollectionManager: Fixed up redirectors for 0 collections in 0.000004 seconds (updated 0 objects)
[2022.03.29-21.51.14:887][  0]LogContentStreaming: Texture pool size now 1000 MB
